CRITICAL - 2021-05-10 14:28:34 --> Undefined variable: title1
#0 /Applications/MAMP/htdocs/liveApp/app/Views/about.php(4): CodeIgniter\Debug\Exceptions->errorHandler(8, 'Undefined varia...', '/Applications/M...', 4, Array)
#1 /Applications/MAMP/htdocs/liveApp/system/View/View.php(220): include('/Applications/M...')
#2 /Applications/MAMP/htdocs/liveApp/system/View/View.php(222): CodeIgniter\View\View->CodeIgniter\View\{closure}()
#3 /Applications/MAMP/htdocs/liveApp/system/Common.php(1217): CodeIgniter\View\View->render('about', Array, true)
#4 /Applications/MAMP/htdocs/liveApp/app/Controllers/Page.php(13): view('about', Array)
#5 /Applications/MAMP/htdocs/liveApp/system/CodeIgniter.php(936): App\Controllers\Page->about()
#6 /Applications/MAMP/htdocs/liveApp/system/CodeIgniter.php(432): CodeIgniter\CodeIgniter->runController(Object(App\Controllers\Page))
#7 /Applications/MAMP/htdocs/liveApp/system/CodeIgniter.php(333): CodeIgniter\CodeIgniter->handleRequest(NULL, Object(Config\Cache), false)
#8 /Applications/MAMP/htdocs/liveApp/index.php(44): CodeIgniter\CodeIgniter->run()
#9 {main}
CRITICAL - 2021-05-10 14:28:38 --> Undefined variable: title1
#0 /Applications/MAMP/htdocs/liveApp/app/Views/about.php(4): CodeIgniter\Debug\Exceptions->errorHandler(8, 'Undefined varia...', '/Applications/M...', 4, Array)
#1 /Applications/MAMP/htdocs/liveApp/system/View/View.php(220): include('/Applications/M...')
#2 /Applications/MAMP/htdocs/liveApp/system/View/View.php(222): CodeIgniter\View\View->CodeIgniter\View\{closure}()
#3 /Applications/MAMP/htdocs/liveApp/system/Common.php(1217): CodeIgniter\View\View->render('about', Array, true)
#4 /Applications/MAMP/htdocs/liveApp/app/Controllers/Page.php(13): view('about', Array)
#5 /Applications/MAMP/htdocs/liveApp/system/CodeIgniter.php(936): App\Controllers\Page->about()
#6 /Applications/MAMP/htdocs/liveApp/system/CodeIgniter.php(432): CodeIgniter\CodeIgniter->runController(Object(App\Controllers\Page))
#7 /Applications/MAMP/htdocs/liveApp/system/CodeIgniter.php(333): CodeIgniter\CodeIgniter->handleRequest(NULL, Object(Config\Cache), false)
#8 /Applications/MAMP/htdocs/liveApp/index.php(44): CodeIgniter\CodeIgniter->run()
#9 {main}
