CRITICAL - 2021-04-09 06:27:54 --> Invalid file: template/header.php
#0 /Applications/MAMP/htdocs/liveApp/system/View/View.php(203): CodeIgniter\Exceptions\FrameworkException::forInvalidFile('template/header...')
#1 /Applications/MAMP/htdocs/liveApp/system/Common.php(1217): CodeIgniter\View\View->render('template/header...', Array, true)
#2 /Applications/MAMP/htdocs/liveApp/app/Controllers/Page.php(9): view('template/header...')
#3 /Applications/MAMP/htdocs/liveApp/system/CodeIgniter.php(936): App\Controllers\Page->about()
#4 /Applications/MAMP/htdocs/liveApp/system/CodeIgniter.php(432): CodeIgniter\CodeIgniter->runController(Object(App\Controllers\Page))
#5 /Applications/MAMP/htdocs/liveApp/system/CodeIgniter.php(333): CodeIgniter\CodeIgniter->handleRequest(NULL, Object(Config\Cache), false)
#6 /Applications/MAMP/htdocs/liveApp/index.php(44): CodeIgniter\CodeIgniter->run()
#7 {main}
CRITICAL - 2021-04-09 10:29:17 --> Call to undefined method CodeIgniter\View\View::exctend()
#0 /Applications/MAMP/htdocs/liveApp/system/View/View.php(220): include()
#1 /Applications/MAMP/htdocs/liveApp/system/View/View.php(222): CodeIgniter\View\View->CodeIgniter\View\{closure}()
#2 /Applications/MAMP/htdocs/liveApp/system/Common.php(1217): CodeIgniter\View\View->render('contact', Array, true)
#3 /Applications/MAMP/htdocs/liveApp/app/Controllers/Page.php(18): view('contact', Array)
#4 /Applications/MAMP/htdocs/liveApp/system/CodeIgniter.php(936): App\Controllers\Page->contact()
#5 /Applications/MAMP/htdocs/liveApp/system/CodeIgniter.php(432): CodeIgniter\CodeIgniter->runController(Object(App\Controllers\Page))
#6 /Applications/MAMP/htdocs/liveApp/system/CodeIgniter.php(333): CodeIgniter\CodeIgniter->handleRequest(NULL, Object(Config\Cache), false)
#7 /Applications/MAMP/htdocs/liveApp/index.php(44): CodeIgniter\CodeIgniter->run()
#8 {main}
CRITICAL - 2021-04-09 10:29:27 --> Call to undefined method CodeIgniter\View\View::exctend()
#0 /Applications/MAMP/htdocs/liveApp/system/View/View.php(220): include()
#1 /Applications/MAMP/htdocs/liveApp/system/View/View.php(222): CodeIgniter\View\View->CodeIgniter\View\{closure}()
#2 /Applications/MAMP/htdocs/liveApp/system/Common.php(1217): CodeIgniter\View\View->render('about', Array, true)
#3 /Applications/MAMP/htdocs/liveApp/app/Controllers/Page.php(10): view('about', Array)
#4 /Applications/MAMP/htdocs/liveApp/system/CodeIgniter.php(936): App\Controllers\Page->about()
#5 /Applications/MAMP/htdocs/liveApp/system/CodeIgniter.php(432): CodeIgniter\CodeIgniter->runController(Object(App\Controllers\Page))
#6 /Applications/MAMP/htdocs/liveApp/system/CodeIgniter.php(333): CodeIgniter\CodeIgniter->handleRequest(NULL, Object(Config\Cache), false)
#7 /Applications/MAMP/htdocs/liveApp/index.php(44): CodeIgniter\CodeIgniter->run()
#8 {main}
CRITICAL - 2021-04-09 10:39:38 --> Call to undefined method CodeIgniter\View\View::exctend()
#0 /Applications/MAMP/htdocs/liveApp/system/View/View.php(220): include()
#1 /Applications/MAMP/htdocs/liveApp/system/View/View.php(222): CodeIgniter\View\View->CodeIgniter\View\{closure}()
#2 /Applications/MAMP/htdocs/liveApp/system/Common.php(1217): CodeIgniter\View\View->render('about', Array, true)
#3 /Applications/MAMP/htdocs/liveApp/app/Controllers/Page.php(10): view('about', Array)
#4 /Applications/MAMP/htdocs/liveApp/system/CodeIgniter.php(936): App\Controllers\Page->about()
#5 /Applications/MAMP/htdocs/liveApp/system/CodeIgniter.php(432): CodeIgniter\CodeIgniter->runController(Object(App\Controllers\Page))
#6 /Applications/MAMP/htdocs/liveApp/system/CodeIgniter.php(333): CodeIgniter\CodeIgniter->handleRequest(NULL, Object(Config\Cache), false)
#7 /Applications/MAMP/htdocs/liveApp/index.php(44): CodeIgniter\CodeIgniter->run()
#8 {main}
CRITICAL - 2021-04-09 10:42:23 --> Too few arguments to function CodeIgniter\View\View::renderSection(), 0 passed in /Applications/MAMP/htdocs/liveApp/app/Views/template/base.php on line 15 and exactly 1 expected
#0 /Applications/MAMP/htdocs/liveApp/app/Views/template/base.php(15): CodeIgniter\View\View->renderSection()
#1 /Applications/MAMP/htdocs/liveApp/system/View/View.php(220): include('/Applications/M...')
#2 /Applications/MAMP/htdocs/liveApp/system/View/View.php(222): CodeIgniter\View\View->CodeIgniter\View\{closure}()
#3 /Applications/MAMP/htdocs/liveApp/system/View/View.php(236): CodeIgniter\View\View->render('template/base', Array, true)
#4 /Applications/MAMP/htdocs/liveApp/system/Common.php(1217): CodeIgniter\View\View->render('about', Array, true)
#5 /Applications/MAMP/htdocs/liveApp/app/Controllers/Page.php(10): view('about', Array)
#6 /Applications/MAMP/htdocs/liveApp/system/CodeIgniter.php(936): App\Controllers\Page->about()
#7 /Applications/MAMP/htdocs/liveApp/system/CodeIgniter.php(432): CodeIgniter\CodeIgniter->runController(Object(App\Controllers\Page))
#8 /Applications/MAMP/htdocs/liveApp/system/CodeIgniter.php(333): CodeIgniter\CodeIgniter->handleRequest(NULL, Object(Config\Cache), false)
#9 /Applications/MAMP/htdocs/liveApp/index.php(44): CodeIgniter\CodeIgniter->run()
#10 {main}
CRITICAL - 2021-04-09 10:42:32 --> Too few arguments to function CodeIgniter\View\View::renderSection(), 0 passed in /Applications/MAMP/htdocs/liveApp/app/Views/template/base.php on line 15 and exactly 1 expected
#0 /Applications/MAMP/htdocs/liveApp/app/Views/template/base.php(15): CodeIgniter\View\View->renderSection()
#1 /Applications/MAMP/htdocs/liveApp/system/View/View.php(220): include('/Applications/M...')
#2 /Applications/MAMP/htdocs/liveApp/system/View/View.php(222): CodeIgniter\View\View->CodeIgniter\View\{closure}()
#3 /Applications/MAMP/htdocs/liveApp/system/View/View.php(236): CodeIgniter\View\View->render('template/base', Array, true)
#4 /Applications/MAMP/htdocs/liveApp/system/Common.php(1217): CodeIgniter\View\View->render('contact', Array, true)
#5 /Applications/MAMP/htdocs/liveApp/app/Controllers/Page.php(18): view('contact', Array)
#6 /Applications/MAMP/htdocs/liveApp/system/CodeIgniter.php(936): App\Controllers\Page->contact()
#7 /Applications/MAMP/htdocs/liveApp/system/CodeIgniter.php(432): CodeIgniter\CodeIgniter->runController(Object(App\Controllers\Page))
#8 /Applications/MAMP/htdocs/liveApp/system/CodeIgniter.php(333): CodeIgniter\CodeIgniter->handleRequest(NULL, Object(Config\Cache), false)
#9 /Applications/MAMP/htdocs/liveApp/index.php(44): CodeIgniter\CodeIgniter->run()
#10 {main}
