CRITICAL - 2021-04-14 07:54:55 --> Invalid file: navbar.php
#0 /Applications/MAMP/htdocs/liveApp/system/View/View.php(203): CodeIgniter\Exceptions\FrameworkException::forInvalidFile('navbar.php')
#1 /Applications/MAMP/htdocs/liveApp/system/View/View.php(236): CodeIgniter\View\View->render('navbar', Array, true)
#2 /Applications/MAMP/htdocs/liveApp/system/View/View.php(236): CodeIgniter\View\View->render('template/base', Array, true)
#3 /Applications/MAMP/htdocs/liveApp/system/Common.php(1217): CodeIgniter\View\View->render('login', Array, true)
#4 /Applications/MAMP/htdocs/liveApp/app/Controllers/Page.php(50): view('login')
#5 /Applications/MAMP/htdocs/liveApp/system/CodeIgniter.php(936): App\Controllers\Page->login()
#6 /Applications/MAMP/htdocs/liveApp/system/CodeIgniter.php(432): CodeIgniter\CodeIgniter->runController(Object(App\Controllers\Page))
#7 /Applications/MAMP/htdocs/liveApp/system/CodeIgniter.php(333): CodeIgniter\CodeIgniter->handleRequest(NULL, Object(Config\Cache), false)
#8 /Applications/MAMP/htdocs/liveApp/index.php(44): CodeIgniter\CodeIgniter->run()
#9 {main}
CRITICAL - 2021-04-14 07:56:11 --> Invalid file: navbar.php
#0 /Applications/MAMP/htdocs/liveApp/system/View/View.php(203): CodeIgniter\Exceptions\FrameworkException::forInvalidFile('navbar.php')
#1 /Applications/MAMP/htdocs/liveApp/system/View/View.php(236): CodeIgniter\View\View->render('navbar', Array, true)
#2 /Applications/MAMP/htdocs/liveApp/system/View/View.php(236): CodeIgniter\View\View->render('template/base', Array, true)
#3 /Applications/MAMP/htdocs/liveApp/system/Common.php(1217): CodeIgniter\View\View->render('login', Array, true)
#4 /Applications/MAMP/htdocs/liveApp/app/Controllers/Page.php(50): view('login')
#5 /Applications/MAMP/htdocs/liveApp/system/CodeIgniter.php(936): App\Controllers\Page->login()
#6 /Applications/MAMP/htdocs/liveApp/system/CodeIgniter.php(432): CodeIgniter\CodeIgniter->runController(Object(App\Controllers\Page))
#7 /Applications/MAMP/htdocs/liveApp/system/CodeIgniter.php(333): CodeIgniter\CodeIgniter->handleRequest(NULL, Object(Config\Cache), false)
#8 /Applications/MAMP/htdocs/liveApp/index.php(44): CodeIgniter\CodeIgniter->run()
#9 {main}
CRITICAL - 2021-04-14 07:56:12 --> Invalid file: navbar.php
#0 /Applications/MAMP/htdocs/liveApp/system/View/View.php(203): CodeIgniter\Exceptions\FrameworkException::forInvalidFile('navbar.php')
#1 /Applications/MAMP/htdocs/liveApp/system/View/View.php(236): CodeIgniter\View\View->render('navbar', Array, true)
#2 /Applications/MAMP/htdocs/liveApp/system/View/View.php(236): CodeIgniter\View\View->render('template/base', Array, true)
#3 /Applications/MAMP/htdocs/liveApp/system/Common.php(1217): CodeIgniter\View\View->render('login', Array, true)
#4 /Applications/MAMP/htdocs/liveApp/app/Controllers/Page.php(50): view('login')
#5 /Applications/MAMP/htdocs/liveApp/system/CodeIgniter.php(936): App\Controllers\Page->login()
#6 /Applications/MAMP/htdocs/liveApp/system/CodeIgniter.php(432): CodeIgniter\CodeIgniter->runController(Object(App\Controllers\Page))
#7 /Applications/MAMP/htdocs/liveApp/system/CodeIgniter.php(333): CodeIgniter\CodeIgniter->handleRequest(NULL, Object(Config\Cache), false)
#8 /Applications/MAMP/htdocs/liveApp/index.php(44): CodeIgniter\CodeIgniter->run()
#9 {main}
CRITICAL - 2021-04-14 12:19:25 --> Return value of CodeIgniter\Router\RouteCollection::getFilterForRoute() must be of the type string, array returned
#0 /Applications/MAMP/htdocs/liveApp/system/Router/Router.php(156): CodeIgniter\Router\RouteCollection->getFilterForRoute('home')
#1 /Applications/MAMP/htdocs/liveApp/system/CodeIgniter.php(816): CodeIgniter\Router\Router->handle('home')
#2 /Applications/MAMP/htdocs/liveApp/system/CodeIgniter.php(385): CodeIgniter\CodeIgniter->tryToRouteIt(Object(CodeIgniter\Router\RouteCollection))
#3 /Applications/MAMP/htdocs/liveApp/system/CodeIgniter.php(333): CodeIgniter\CodeIgniter->handleRequest(NULL, Object(Config\Cache), false)
#4 /Applications/MAMP/htdocs/liveApp/index.php(44): CodeIgniter\CodeIgniter->run()
#5 {main}
CRITICAL - 2021-04-14 12:21:59 --> Return value of CodeIgniter\Router\RouteCollection::getFilterForRoute() must be of the type string, array returned
#0 /Applications/MAMP/htdocs/liveApp/system/Router/Router.php(156): CodeIgniter\Router\RouteCollection->getFilterForRoute('home')
#1 /Applications/MAMP/htdocs/liveApp/system/CodeIgniter.php(816): CodeIgniter\Router\Router->handle('home')
#2 /Applications/MAMP/htdocs/liveApp/system/CodeIgniter.php(385): CodeIgniter\CodeIgniter->tryToRouteIt(Object(CodeIgniter\Router\RouteCollection))
#3 /Applications/MAMP/htdocs/liveApp/system/CodeIgniter.php(333): CodeIgniter\CodeIgniter->handleRequest(NULL, Object(Config\Cache), false)
#4 /Applications/MAMP/htdocs/liveApp/index.php(44): CodeIgniter\CodeIgniter->run()
#5 {main}
CRITICAL - 2021-04-14 12:24:25 --> Return value of CodeIgniter\Router\RouteCollection::getFilterForRoute() must be of the type string, array returned
#0 /Applications/MAMP/htdocs/liveApp/system/Router/Router.php(156): CodeIgniter\Router\RouteCollection->getFilterForRoute('home')
#1 /Applications/MAMP/htdocs/liveApp/system/CodeIgniter.php(816): CodeIgniter\Router\Router->handle('home')
#2 /Applications/MAMP/htdocs/liveApp/system/CodeIgniter.php(385): CodeIgniter\CodeIgniter->tryToRouteIt(Object(CodeIgniter\Router\RouteCollection))
#3 /Applications/MAMP/htdocs/liveApp/system/CodeIgniter.php(333): CodeIgniter\CodeIgniter->handleRequest(NULL, Object(Config\Cache), false)
#4 /Applications/MAMP/htdocs/liveApp/index.php(44): CodeIgniter\CodeIgniter->run()
#5 {main}
CRITICAL - 2021-04-14 12:27:08 --> Return value of CodeIgniter\Router\RouteCollection::getFilterForRoute() must be of the type string, array returned
#0 /Applications/MAMP/htdocs/liveApp/system/Router/Router.php(156): CodeIgniter\Router\RouteCollection->getFilterForRoute('home')
#1 /Applications/MAMP/htdocs/liveApp/system/CodeIgniter.php(816): CodeIgniter\Router\Router->handle('home')
#2 /Applications/MAMP/htdocs/liveApp/system/CodeIgniter.php(385): CodeIgniter\CodeIgniter->tryToRouteIt(Object(CodeIgniter\Router\RouteCollection))
#3 /Applications/MAMP/htdocs/liveApp/system/CodeIgniter.php(333): CodeIgniter\CodeIgniter->handleRequest(NULL, Object(Config\Cache), false)
#4 /Applications/MAMP/htdocs/liveApp/index.php(44): CodeIgniter\CodeIgniter->run()
#5 {main}
CRITICAL - 2021-04-14 12:27:23 --> Return value of CodeIgniter\Router\RouteCollection::getFilterForRoute() must be of the type string, array returned
#0 /Applications/MAMP/htdocs/liveApp/system/Router/Router.php(156): CodeIgniter\Router\RouteCollection->getFilterForRoute('home')
#1 /Applications/MAMP/htdocs/liveApp/system/CodeIgniter.php(816): CodeIgniter\Router\Router->handle('home')
#2 /Applications/MAMP/htdocs/liveApp/system/CodeIgniter.php(385): CodeIgniter\CodeIgniter->tryToRouteIt(Object(CodeIgniter\Router\RouteCollection))
#3 /Applications/MAMP/htdocs/liveApp/system/CodeIgniter.php(333): CodeIgniter\CodeIgniter->handleRequest(NULL, Object(Config\Cache), false)
#4 /Applications/MAMP/htdocs/liveApp/index.php(44): CodeIgniter\CodeIgniter->run()
#5 {main}
CRITICAL - 2021-04-14 12:28:11 --> Return value of CodeIgniter\Router\RouteCollection::getFilterForRoute() must be of the type string, array returned
#0 /Applications/MAMP/htdocs/liveApp/system/Router/Router.php(156): CodeIgniter\Router\RouteCollection->getFilterForRoute('home')
#1 /Applications/MAMP/htdocs/liveApp/system/CodeIgniter.php(816): CodeIgniter\Router\Router->handle('home')
#2 /Applications/MAMP/htdocs/liveApp/system/CodeIgniter.php(385): CodeIgniter\CodeIgniter->tryToRouteIt(Object(CodeIgniter\Router\RouteCollection))
#3 /Applications/MAMP/htdocs/liveApp/system/CodeIgniter.php(333): CodeIgniter\CodeIgniter->handleRequest(NULL, Object(Config\Cache), false)
#4 /Applications/MAMP/htdocs/liveApp/index.php(44): CodeIgniter\CodeIgniter->run()
#5 {main}
CRITICAL - 2021-04-14 12:33:18 --> Return value of CodeIgniter\Router\RouteCollection::getFilterForRoute() must be of the type string, array returned
#0 /Applications/MAMP/htdocs/liveApp/system/Router/Router.php(156): CodeIgniter\Router\RouteCollection->getFilterForRoute('home')
#1 /Applications/MAMP/htdocs/liveApp/system/CodeIgniter.php(816): CodeIgniter\Router\Router->handle('home')
#2 /Applications/MAMP/htdocs/liveApp/system/CodeIgniter.php(385): CodeIgniter\CodeIgniter->tryToRouteIt(Object(CodeIgniter\Router\RouteCollection))
#3 /Applications/MAMP/htdocs/liveApp/system/CodeIgniter.php(333): CodeIgniter\CodeIgniter->handleRequest(NULL, Object(Config\Cache), false)
#4 /Applications/MAMP/htdocs/liveApp/index.php(44): CodeIgniter\CodeIgniter->run()
#5 {main}
CRITICAL - 2021-04-14 12:36:37 --> Return value of CodeIgniter\Router\RouteCollection::getFilterForRoute() must be of the type string, array returned
#0 /Applications/MAMP/htdocs/liveApp/system/Router/Router.php(156): CodeIgniter\Router\RouteCollection->getFilterForRoute('home')
#1 /Applications/MAMP/htdocs/liveApp/system/CodeIgniter.php(816): CodeIgniter\Router\Router->handle('home')
#2 /Applications/MAMP/htdocs/liveApp/system/CodeIgniter.php(385): CodeIgniter\CodeIgniter->tryToRouteIt(Object(CodeIgniter\Router\RouteCollection))
#3 /Applications/MAMP/htdocs/liveApp/system/CodeIgniter.php(333): CodeIgniter\CodeIgniter->handleRequest(NULL, Object(Config\Cache), false)
#4 /Applications/MAMP/htdocs/liveApp/index.php(44): CodeIgniter\CodeIgniter->run()
#5 {main}
CRITICAL - 2021-04-14 12:36:38 --> Return value of CodeIgniter\Router\RouteCollection::getFilterForRoute() must be of the type string, array returned
#0 /Applications/MAMP/htdocs/liveApp/system/Router/Router.php(156): CodeIgniter\Router\RouteCollection->getFilterForRoute('home')
#1 /Applications/MAMP/htdocs/liveApp/system/CodeIgniter.php(816): CodeIgniter\Router\Router->handle('home')
#2 /Applications/MAMP/htdocs/liveApp/system/CodeIgniter.php(385): CodeIgniter\CodeIgniter->tryToRouteIt(Object(CodeIgniter\Router\RouteCollection))
#3 /Applications/MAMP/htdocs/liveApp/system/CodeIgniter.php(333): CodeIgniter\CodeIgniter->handleRequest(NULL, Object(Config\Cache), false)
#4 /Applications/MAMP/htdocs/liveApp/index.php(44): CodeIgniter\CodeIgniter->run()
#5 {main}
CRITICAL - 2021-04-14 12:37:41 --> Return value of CodeIgniter\Router\RouteCollection::getFilterForRoute() must be of the type string, array returned
#0 /Applications/MAMP/htdocs/liveApp/system/Router/Router.php(156): CodeIgniter\Router\RouteCollection->getFilterForRoute('home')
#1 /Applications/MAMP/htdocs/liveApp/system/CodeIgniter.php(816): CodeIgniter\Router\Router->handle('home')
#2 /Applications/MAMP/htdocs/liveApp/system/CodeIgniter.php(385): CodeIgniter\CodeIgniter->tryToRouteIt(Object(CodeIgniter\Router\RouteCollection))
#3 /Applications/MAMP/htdocs/liveApp/system/CodeIgniter.php(333): CodeIgniter\CodeIgniter->handleRequest(NULL, Object(Config\Cache), false)
#4 /Applications/MAMP/htdocs/liveApp/index.php(44): CodeIgniter\CodeIgniter->run()
#5 {main}
CRITICAL - 2021-04-14 12:37:47 --> Return value of CodeIgniter\Router\RouteCollection::getFilterForRoute() must be of the type string, array returned
#0 /Applications/MAMP/htdocs/liveApp/system/Router/Router.php(156): CodeIgniter\Router\RouteCollection->getFilterForRoute('home')
#1 /Applications/MAMP/htdocs/liveApp/system/CodeIgniter.php(816): CodeIgniter\Router\Router->handle('home')
#2 /Applications/MAMP/htdocs/liveApp/system/CodeIgniter.php(385): CodeIgniter\CodeIgniter->tryToRouteIt(Object(CodeIgniter\Router\RouteCollection))
#3 /Applications/MAMP/htdocs/liveApp/system/CodeIgniter.php(333): CodeIgniter\CodeIgniter->handleRequest(NULL, Object(Config\Cache), false)
#4 /Applications/MAMP/htdocs/liveApp/index.php(44): CodeIgniter\CodeIgniter->run()
#5 {main}
CRITICAL - 2021-04-14 12:38:08 --> Return value of CodeIgniter\Router\RouteCollection::getFilterForRoute() must be of the type string, array returned
#0 /Applications/MAMP/htdocs/liveApp/system/Router/Router.php(156): CodeIgniter\Router\RouteCollection->getFilterForRoute('home')
#1 /Applications/MAMP/htdocs/liveApp/system/CodeIgniter.php(816): CodeIgniter\Router\Router->handle('home')
#2 /Applications/MAMP/htdocs/liveApp/system/CodeIgniter.php(385): CodeIgniter\CodeIgniter->tryToRouteIt(Object(CodeIgniter\Router\RouteCollection))
#3 /Applications/MAMP/htdocs/liveApp/system/CodeIgniter.php(333): CodeIgniter\CodeIgniter->handleRequest(NULL, Object(Config\Cache), false)
#4 /Applications/MAMP/htdocs/liveApp/index.php(44): CodeIgniter\CodeIgniter->run()
#5 {main}
CRITICAL - 2021-04-14 12:38:43 --> Return value of CodeIgniter\Router\RouteCollection::getFilterForRoute() must be of the type string, array returned
#0 /Applications/MAMP/htdocs/liveApp/system/Router/Router.php(156): CodeIgniter\Router\RouteCollection->getFilterForRoute('home')
#1 /Applications/MAMP/htdocs/liveApp/system/CodeIgniter.php(816): CodeIgniter\Router\Router->handle('home')
#2 /Applications/MAMP/htdocs/liveApp/system/CodeIgniter.php(385): CodeIgniter\CodeIgniter->tryToRouteIt(Object(CodeIgniter\Router\RouteCollection))
#3 /Applications/MAMP/htdocs/liveApp/system/CodeIgniter.php(333): CodeIgniter\CodeIgniter->handleRequest(NULL, Object(Config\Cache), false)
#4 /Applications/MAMP/htdocs/liveApp/index.php(44): CodeIgniter\CodeIgniter->run()
#5 {main}
CRITICAL - 2021-04-14 12:38:44 --> Return value of CodeIgniter\Router\RouteCollection::getFilterForRoute() must be of the type string, array returned
#0 /Applications/MAMP/htdocs/liveApp/system/Router/Router.php(156): CodeIgniter\Router\RouteCollection->getFilterForRoute('home')
#1 /Applications/MAMP/htdocs/liveApp/system/CodeIgniter.php(816): CodeIgniter\Router\Router->handle('home')
#2 /Applications/MAMP/htdocs/liveApp/system/CodeIgniter.php(385): CodeIgniter\CodeIgniter->tryToRouteIt(Object(CodeIgniter\Router\RouteCollection))
#3 /Applications/MAMP/htdocs/liveApp/system/CodeIgniter.php(333): CodeIgniter\CodeIgniter->handleRequest(NULL, Object(Config\Cache), false)
#4 /Applications/MAMP/htdocs/liveApp/index.php(44): CodeIgniter\CodeIgniter->run()
#5 {main}
CRITICAL - 2021-04-14 12:39:34 --> Return value of CodeIgniter\Router\RouteCollection::getFilterForRoute() must be of the type string, array returned
#0 /Applications/MAMP/htdocs/liveApp/system/Router/Router.php(156): CodeIgniter\Router\RouteCollection->getFilterForRoute('home')
#1 /Applications/MAMP/htdocs/liveApp/system/CodeIgniter.php(816): CodeIgniter\Router\Router->handle('home')
#2 /Applications/MAMP/htdocs/liveApp/system/CodeIgniter.php(385): CodeIgniter\CodeIgniter->tryToRouteIt(Object(CodeIgniter\Router\RouteCollection))
#3 /Applications/MAMP/htdocs/liveApp/system/CodeIgniter.php(333): CodeIgniter\CodeIgniter->handleRequest(NULL, Object(Config\Cache), false)
#4 /Applications/MAMP/htdocs/liveApp/index.php(44): CodeIgniter\CodeIgniter->run()
#5 {main}
CRITICAL - 2021-04-14 12:39:35 --> Return value of CodeIgniter\Router\RouteCollection::getFilterForRoute() must be of the type string, array returned
#0 /Applications/MAMP/htdocs/liveApp/system/Router/Router.php(156): CodeIgniter\Router\RouteCollection->getFilterForRoute('home')
#1 /Applications/MAMP/htdocs/liveApp/system/CodeIgniter.php(816): CodeIgniter\Router\Router->handle('home')
#2 /Applications/MAMP/htdocs/liveApp/system/CodeIgniter.php(385): CodeIgniter\CodeIgniter->tryToRouteIt(Object(CodeIgniter\Router\RouteCollection))
#3 /Applications/MAMP/htdocs/liveApp/system/CodeIgniter.php(333): CodeIgniter\CodeIgniter->handleRequest(NULL, Object(Config\Cache), false)
#4 /Applications/MAMP/htdocs/liveApp/index.php(44): CodeIgniter\CodeIgniter->run()
#5 {main}
CRITICAL - 2021-04-14 12:42:34 --> Class 'Config\App\Filters\LoggedIn' not found
#0 /Applications/MAMP/htdocs/liveApp/system/CodeIgniter.php(403): CodeIgniter\Filters\Filters->run('home', 'before')
#1 /Applications/MAMP/htdocs/liveApp/system/CodeIgniter.php(333): CodeIgniter\CodeIgniter->handleRequest(NULL, Object(Config\Cache), false)
#2 /Applications/MAMP/htdocs/liveApp/index.php(44): CodeIgniter\CodeIgniter->run()
#3 {main}
CRITICAL - 2021-04-14 12:43:27 --> Class 'Config\App\Filters\LoggedIn' not found
#0 /Applications/MAMP/htdocs/liveApp/system/CodeIgniter.php(403): CodeIgniter\Filters\Filters->run('home', 'before')
#1 /Applications/MAMP/htdocs/liveApp/system/CodeIgniter.php(333): CodeIgniter\CodeIgniter->handleRequest(NULL, Object(Config\Cache), false)
#2 /Applications/MAMP/htdocs/liveApp/index.php(44): CodeIgniter\CodeIgniter->run()
#3 {main}
CRITICAL - 2021-04-14 12:44:44 --> Class 'Config\App\Filters\LoggedIn' not found
#0 /Applications/MAMP/htdocs/liveApp/system/CodeIgniter.php(403): CodeIgniter\Filters\Filters->run('home', 'before')
#1 /Applications/MAMP/htdocs/liveApp/system/CodeIgniter.php(333): CodeIgniter\CodeIgniter->handleRequest(NULL, Object(Config\Cache), false)
#2 /Applications/MAMP/htdocs/liveApp/index.php(44): CodeIgniter\CodeIgniter->run()
#3 {main}
