CRITICAL - 2021-04-16 02:10:50 --> Undefined index: user
#0 /Applications/MAMP/htdocs/liveApp/app/Helpers/auth_helper.php(12): CodeIgniter\Debug\Exceptions->errorHandler(8, 'Undefined index...', '/Applications/M...', 12, Array)
#1 /Applications/MAMP/htdocs/liveApp/app/Views/profile.php(74): allowEdit('saed1389')
#2 /Applications/MAMP/htdocs/liveApp/system/View/View.php(220): include('/Applications/M...')
#3 /Applications/MAMP/htdocs/liveApp/system/View/View.php(222): CodeIgniter\View\View->CodeIgniter\View\{closure}()
#4 /Applications/MAMP/htdocs/liveApp/system/Common.php(1217): CodeIgniter\View\View->render('profile', Array, true)
#5 /Applications/MAMP/htdocs/liveApp/app/Controllers/User.php(49): view('profile', Array)
#6 /Applications/MAMP/htdocs/liveApp/system/CodeIgniter.php(936): App\Controllers\User->profile('12')
#7 /Applications/MAMP/htdocs/liveApp/system/CodeIgniter.php(432): CodeIgniter\CodeIgniter->runController(Object(App\Controllers\User))
#8 /Applications/MAMP/htdocs/liveApp/system/CodeIgniter.php(333): CodeIgniter\CodeIgniter->handleRequest(NULL, Object(Config\Cache), false)
#9 /Applications/MAMP/htdocs/liveApp/index.php(44): CodeIgniter\CodeIgniter->run()
#10 {main}
CRITICAL - 2021-04-16 03:13:29 --> Undefined variable: username
#0 /Applications/MAMP/htdocs/liveApp/app/Views/profile.php(74): CodeIgniter\Debug\Exceptions->errorHandler(8, 'Undefined varia...', '/Applications/M...', 74, Array)
#1 /Applications/MAMP/htdocs/liveApp/system/View/View.php(220): include('/Applications/M...')
#2 /Applications/MAMP/htdocs/liveApp/system/View/View.php(222): CodeIgniter\View\View->CodeIgniter\View\{closure}()
#3 /Applications/MAMP/htdocs/liveApp/system/Common.php(1217): CodeIgniter\View\View->render('profile', Array, true)
#4 /Applications/MAMP/htdocs/liveApp/app/Controllers/User.php(51): view('profile', Array)
#5 /Applications/MAMP/htdocs/liveApp/system/CodeIgniter.php(936): App\Controllers\User->profile('12')
#6 /Applications/MAMP/htdocs/liveApp/system/CodeIgniter.php(432): CodeIgniter\CodeIgniter->runController(Object(App\Controllers\User))
#7 /Applications/MAMP/htdocs/liveApp/system/CodeIgniter.php(333): CodeIgniter\CodeIgniter->handleRequest(NULL, Object(Config\Cache), false)
#8 /Applications/MAMP/htdocs/liveApp/index.php(44): CodeIgniter\CodeIgniter->run()
#9 {main}
CRITICAL - 2021-04-16 03:49:06 --> Undefined variable: username
#0 /Applications/MAMP/htdocs/liveApp/app/Views/profile.php(74): CodeIgniter\Debug\Exceptions->errorHandler(8, 'Undefined varia...', '/Applications/M...', 74, Array)
#1 /Applications/MAMP/htdocs/liveApp/system/View/View.php(220): include('/Applications/M...')
#2 /Applications/MAMP/htdocs/liveApp/system/View/View.php(222): CodeIgniter\View\View->CodeIgniter\View\{closure}()
#3 /Applications/MAMP/htdocs/liveApp/system/Common.php(1217): CodeIgniter\View\View->render('profile', Array, true)
#4 /Applications/MAMP/htdocs/liveApp/app/Controllers/User.php(51): view('profile', Array)
#5 /Applications/MAMP/htdocs/liveApp/system/CodeIgniter.php(936): App\Controllers\User->profile('12')
#6 /Applications/MAMP/htdocs/liveApp/system/CodeIgniter.php(432): CodeIgniter\CodeIgniter->runController(Object(App\Controllers\User))
#7 /Applications/MAMP/htdocs/liveApp/system/CodeIgniter.php(333): CodeIgniter\CodeIgniter->handleRequest(NULL, Object(Config\Cache), false)
#8 /Applications/MAMP/htdocs/liveApp/index.php(44): CodeIgniter\CodeIgniter->run()
#9 {main}
CRITICAL - 2021-04-16 03:52:23 --> Undefined variable: email
#0 /Applications/MAMP/htdocs/liveApp/app/Views/profile.php(89): CodeIgniter\Debug\Exceptions->errorHandler(8, 'Undefined varia...', '/Applications/M...', 89, Array)
#1 /Applications/MAMP/htdocs/liveApp/system/View/View.php(220): include('/Applications/M...')
#2 /Applications/MAMP/htdocs/liveApp/system/View/View.php(222): CodeIgniter\View\View->CodeIgniter\View\{closure}()
#3 /Applications/MAMP/htdocs/liveApp/system/Common.php(1217): CodeIgniter\View\View->render('profile', Array, true)
#4 /Applications/MAMP/htdocs/liveApp/app/Controllers/User.php(51): view('profile', Array)
#5 /Applications/MAMP/htdocs/liveApp/system/CodeIgniter.php(936): App\Controllers\User->profile('12')
#6 /Applications/MAMP/htdocs/liveApp/system/CodeIgniter.php(432): CodeIgniter\CodeIgniter->runController(Object(App\Controllers\User))
#7 /Applications/MAMP/htdocs/liveApp/system/CodeIgniter.php(333): CodeIgniter\CodeIgniter->handleRequest(NULL, Object(Config\Cache), false)
#8 /Applications/MAMP/htdocs/liveApp/index.php(44): CodeIgniter\CodeIgniter->run()
#9 {main}
CRITICAL - 2021-04-16 03:52:57 --> Undefined variable: email
#0 /Applications/MAMP/htdocs/liveApp/app/Views/profile.php(89): CodeIgniter\Debug\Exceptions->errorHandler(8, 'Undefined varia...', '/Applications/M...', 89, Array)
#1 /Applications/MAMP/htdocs/liveApp/system/View/View.php(220): include('/Applications/M...')
#2 /Applications/MAMP/htdocs/liveApp/system/View/View.php(222): CodeIgniter\View\View->CodeIgniter\View\{closure}()
#3 /Applications/MAMP/htdocs/liveApp/system/Common.php(1217): CodeIgniter\View\View->render('profile', Array, true)
#4 /Applications/MAMP/htdocs/liveApp/app/Controllers/User.php(51): view('profile', Array)
#5 /Applications/MAMP/htdocs/liveApp/system/CodeIgniter.php(936): App\Controllers\User->profile('12')
#6 /Applications/MAMP/htdocs/liveApp/system/CodeIgniter.php(432): CodeIgniter\CodeIgniter->runController(Object(App\Controllers\User))
#7 /Applications/MAMP/htdocs/liveApp/system/CodeIgniter.php(333): CodeIgniter\CodeIgniter->handleRequest(NULL, Object(Config\Cache), false)
#8 /Applications/MAMP/htdocs/liveApp/index.php(44): CodeIgniter\CodeIgniter->run()
#9 {main}
CRITICAL - 2021-04-16 03:54:00 --> Undefined variable: addree
#0 /Applications/MAMP/htdocs/liveApp/app/Views/profile.php(97): CodeIgniter\Debug\Exceptions->errorHandler(8, 'Undefined varia...', '/Applications/M...', 97, Array)
#1 /Applications/MAMP/htdocs/liveApp/system/View/View.php(220): include('/Applications/M...')
#2 /Applications/MAMP/htdocs/liveApp/system/View/View.php(222): CodeIgniter\View\View->CodeIgniter\View\{closure}()
#3 /Applications/MAMP/htdocs/liveApp/system/Common.php(1217): CodeIgniter\View\View->render('profile', Array, true)
#4 /Applications/MAMP/htdocs/liveApp/app/Controllers/User.php(51): view('profile', Array)
#5 /Applications/MAMP/htdocs/liveApp/system/CodeIgniter.php(936): App\Controllers\User->profile('12')
#6 /Applications/MAMP/htdocs/liveApp/system/CodeIgniter.php(432): CodeIgniter\CodeIgniter->runController(Object(App\Controllers\User))
#7 /Applications/MAMP/htdocs/liveApp/system/CodeIgniter.php(333): CodeIgniter\CodeIgniter->handleRequest(NULL, Object(Config\Cache), false)
#8 /Applications/MAMP/htdocs/liveApp/index.php(44): CodeIgniter\CodeIgniter->run()
#9 {main}
CRITICAL - 2021-04-16 03:57:13 --> Undefined index: address
#0 /Applications/MAMP/htdocs/liveApp/app/Views/profile.php(97): CodeIgniter\Debug\Exceptions->errorHandler(8, 'Undefined index...', '/Applications/M...', 97, Array)
#1 /Applications/MAMP/htdocs/liveApp/system/View/View.php(220): include('/Applications/M...')
#2 /Applications/MAMP/htdocs/liveApp/system/View/View.php(222): CodeIgniter\View\View->CodeIgniter\View\{closure}()
#3 /Applications/MAMP/htdocs/liveApp/system/Common.php(1217): CodeIgniter\View\View->render('profile', Array, true)
#4 /Applications/MAMP/htdocs/liveApp/app/Controllers/User.php(51): view('profile', Array)
#5 /Applications/MAMP/htdocs/liveApp/system/CodeIgniter.php(936): App\Controllers\User->profile('12')
#6 /Applications/MAMP/htdocs/liveApp/system/CodeIgniter.php(432): CodeIgniter\CodeIgniter->runController(Object(App\Controllers\User))
#7 /Applications/MAMP/htdocs/liveApp/system/CodeIgniter.php(333): CodeIgniter\CodeIgniter->handleRequest(NULL, Object(Config\Cache), false)
#8 /Applications/MAMP/htdocs/liveApp/index.php(44): CodeIgniter\CodeIgniter->run()
#9 {main}
CRITICAL - 2021-04-16 03:58:54 --> Undefined variable: addree
#0 /Applications/MAMP/htdocs/liveApp/app/Views/profile.php(97): CodeIgniter\Debug\Exceptions->errorHandler(8, 'Undefined varia...', '/Applications/M...', 97, Array)
#1 /Applications/MAMP/htdocs/liveApp/system/View/View.php(220): include('/Applications/M...')
#2 /Applications/MAMP/htdocs/liveApp/system/View/View.php(222): CodeIgniter\View\View->CodeIgniter\View\{closure}()
#3 /Applications/MAMP/htdocs/liveApp/system/Common.php(1217): CodeIgniter\View\View->render('profile', Array, true)
#4 /Applications/MAMP/htdocs/liveApp/app/Controllers/User.php(51): view('profile', Array)
#5 /Applications/MAMP/htdocs/liveApp/system/CodeIgniter.php(936): App\Controllers\User->profile('12')
#6 /Applications/MAMP/htdocs/liveApp/system/CodeIgniter.php(432): CodeIgniter\CodeIgniter->runController(Object(App\Controllers\User))
#7 /Applications/MAMP/htdocs/liveApp/system/CodeIgniter.php(333): CodeIgniter\CodeIgniter->handleRequest(NULL, Object(Config\Cache), false)
#8 /Applications/MAMP/htdocs/liveApp/index.php(44): CodeIgniter\CodeIgniter->run()
#9 {main}
CRITICAL - 2021-04-16 04:00:42 --> Undefined variable: addree
#0 /Applications/MAMP/htdocs/liveApp/app/Views/profile.php(97): CodeIgniter\Debug\Exceptions->errorHandler(8, 'Undefined varia...', '/Applications/M...', 97, Array)
#1 /Applications/MAMP/htdocs/liveApp/system/View/View.php(220): include('/Applications/M...')
#2 /Applications/MAMP/htdocs/liveApp/system/View/View.php(222): CodeIgniter\View\View->CodeIgniter\View\{closure}()
#3 /Applications/MAMP/htdocs/liveApp/system/Common.php(1217): CodeIgniter\View\View->render('profile', Array, true)
#4 /Applications/MAMP/htdocs/liveApp/app/Controllers/User.php(51): view('profile', Array)
#5 /Applications/MAMP/htdocs/liveApp/system/CodeIgniter.php(936): App\Controllers\User->profile('12')
#6 /Applications/MAMP/htdocs/liveApp/system/CodeIgniter.php(432): CodeIgniter\CodeIgniter->runController(Object(App\Controllers\User))
#7 /Applications/MAMP/htdocs/liveApp/system/CodeIgniter.php(333): CodeIgniter\CodeIgniter->handleRequest(NULL, Object(Config\Cache), false)
#8 /Applications/MAMP/htdocs/liveApp/index.php(44): CodeIgniter\CodeIgniter->run()
#9 {main}
CRITICAL - 2021-04-16 08:32:30 --> Undefined index: id
#0 /Applications/MAMP/htdocs/liveApp/app/Views/profile.php(81): CodeIgniter\Debug\Exceptions->errorHandler(8, 'Undefined index...', '/Applications/M...', 81, Array)
#1 /Applications/MAMP/htdocs/liveApp/system/View/View.php(220): include('/Applications/M...')
#2 /Applications/MAMP/htdocs/liveApp/system/View/View.php(222): CodeIgniter\View\View->CodeIgniter\View\{closure}()
#3 /Applications/MAMP/htdocs/liveApp/system/Common.php(1217): CodeIgniter\View\View->render('profile', Array, true)
#4 /Applications/MAMP/htdocs/liveApp/app/Controllers/User.php(51): view('profile', Array)
#5 /Applications/MAMP/htdocs/liveApp/system/CodeIgniter.php(936): App\Controllers\User->profile('12')
#6 /Applications/MAMP/htdocs/liveApp/system/CodeIgniter.php(432): CodeIgniter\CodeIgniter->runController(Object(App\Controllers\User))
#7 /Applications/MAMP/htdocs/liveApp/system/CodeIgniter.php(333): CodeIgniter\CodeIgniter->handleRequest(NULL, Object(Config\Cache), false)
#8 /Applications/MAMP/htdocs/liveApp/index.php(44): CodeIgniter\CodeIgniter->run()
#9 {main}
CRITICAL - 2021-04-16 08:35:42 --> Undefined index: id
#0 /Applications/MAMP/htdocs/liveApp/app/Views/profile.php(81): CodeIgniter\Debug\Exceptions->errorHandler(8, 'Undefined index...', '/Applications/M...', 81, Array)
#1 /Applications/MAMP/htdocs/liveApp/system/View/View.php(220): include('/Applications/M...')
#2 /Applications/MAMP/htdocs/liveApp/system/View/View.php(222): CodeIgniter\View\View->CodeIgniter\View\{closure}()
#3 /Applications/MAMP/htdocs/liveApp/system/Common.php(1217): CodeIgniter\View\View->render('profile', Array, true)
#4 /Applications/MAMP/htdocs/liveApp/app/Controllers/User.php(51): view('profile', Array)
#5 /Applications/MAMP/htdocs/liveApp/system/CodeIgniter.php(936): App\Controllers\User->profile('11')
#6 /Applications/MAMP/htdocs/liveApp/system/CodeIgniter.php(432): CodeIgniter\CodeIgniter->runController(Object(App\Controllers\User))
#7 /Applications/MAMP/htdocs/liveApp/system/CodeIgniter.php(333): CodeIgniter\CodeIgniter->handleRequest(NULL, Object(Config\Cache), false)
#8 /Applications/MAMP/htdocs/liveApp/index.php(44): CodeIgniter\CodeIgniter->run()
#9 {main}
CRITICAL - 2021-04-16 08:35:44 --> Undefined index: id
#0 /Applications/MAMP/htdocs/liveApp/app/Views/profile.php(81): CodeIgniter\Debug\Exceptions->errorHandler(8, 'Undefined index...', '/Applications/M...', 81, Array)
#1 /Applications/MAMP/htdocs/liveApp/system/View/View.php(220): include('/Applications/M...')
#2 /Applications/MAMP/htdocs/liveApp/system/View/View.php(222): CodeIgniter\View\View->CodeIgniter\View\{closure}()
#3 /Applications/MAMP/htdocs/liveApp/system/Common.php(1217): CodeIgniter\View\View->render('profile', Array, true)
#4 /Applications/MAMP/htdocs/liveApp/app/Controllers/User.php(51): view('profile', Array)
#5 /Applications/MAMP/htdocs/liveApp/system/CodeIgniter.php(936): App\Controllers\User->profile('12')
#6 /Applications/MAMP/htdocs/liveApp/system/CodeIgniter.php(432): CodeIgniter\CodeIgniter->runController(Object(App\Controllers\User))
#7 /Applications/MAMP/htdocs/liveApp/system/CodeIgniter.php(333): CodeIgniter\CodeIgniter->handleRequest(NULL, Object(Config\Cache), false)
#8 /Applications/MAMP/htdocs/liveApp/index.php(44): CodeIgniter\CodeIgniter->run()
#9 {main}
CRITICAL - 2021-04-16 08:36:44 --> Undefined index: id
#0 /Applications/MAMP/htdocs/liveApp/app/Views/profile.php(81): CodeIgniter\Debug\Exceptions->errorHandler(8, 'Undefined index...', '/Applications/M...', 81, Array)
#1 /Applications/MAMP/htdocs/liveApp/system/View/View.php(220): include('/Applications/M...')
#2 /Applications/MAMP/htdocs/liveApp/system/View/View.php(222): CodeIgniter\View\View->CodeIgniter\View\{closure}()
#3 /Applications/MAMP/htdocs/liveApp/system/Common.php(1217): CodeIgniter\View\View->render('profile', Array, true)
#4 /Applications/MAMP/htdocs/liveApp/app/Controllers/User.php(51): view('profile', Array)
#5 /Applications/MAMP/htdocs/liveApp/system/CodeIgniter.php(936): App\Controllers\User->profile('12')
#6 /Applications/MAMP/htdocs/liveApp/system/CodeIgniter.php(432): CodeIgniter\CodeIgniter->runController(Object(App\Controllers\User))
#7 /Applications/MAMP/htdocs/liveApp/system/CodeIgniter.php(333): CodeIgniter\CodeIgniter->handleRequest(NULL, Object(Config\Cache), false)
#8 /Applications/MAMP/htdocs/liveApp/index.php(44): CodeIgniter\CodeIgniter->run()
#9 {main}
CRITICAL - 2021-04-16 08:36:55 --> Undefined index: id
#0 /Applications/MAMP/htdocs/liveApp/app/Views/profile.php(81): CodeIgniter\Debug\Exceptions->errorHandler(8, 'Undefined index...', '/Applications/M...', 81, Array)
#1 /Applications/MAMP/htdocs/liveApp/system/View/View.php(220): include('/Applications/M...')
#2 /Applications/MAMP/htdocs/liveApp/system/View/View.php(222): CodeIgniter\View\View->CodeIgniter\View\{closure}()
#3 /Applications/MAMP/htdocs/liveApp/system/Common.php(1217): CodeIgniter\View\View->render('profile', Array, true)
#4 /Applications/MAMP/htdocs/liveApp/app/Controllers/User.php(51): view('profile', Array)
#5 /Applications/MAMP/htdocs/liveApp/system/CodeIgniter.php(936): App\Controllers\User->profile('12')
#6 /Applications/MAMP/htdocs/liveApp/system/CodeIgniter.php(432): CodeIgniter\CodeIgniter->runController(Object(App\Controllers\User))
#7 /Applications/MAMP/htdocs/liveApp/system/CodeIgniter.php(333): CodeIgniter\CodeIgniter->handleRequest(NULL, Object(Config\Cache), false)
#8 /Applications/MAMP/htdocs/liveApp/index.php(44): CodeIgniter\CodeIgniter->run()
#9 {main}
CRITICAL - 2021-04-16 08:42:20 --> Undefined index: id
#0 /Applications/MAMP/htdocs/liveApp/app/Views/profile.php(81): CodeIgniter\Debug\Exceptions->errorHandler(8, 'Undefined index...', '/Applications/M...', 81, Array)
#1 /Applications/MAMP/htdocs/liveApp/system/View/View.php(220): include('/Applications/M...')
#2 /Applications/MAMP/htdocs/liveApp/system/View/View.php(222): CodeIgniter\View\View->CodeIgniter\View\{closure}()
#3 /Applications/MAMP/htdocs/liveApp/system/Common.php(1217): CodeIgniter\View\View->render('profile', Array, true)
#4 /Applications/MAMP/htdocs/liveApp/app/Controllers/User.php(51): view('profile', Array)
#5 /Applications/MAMP/htdocs/liveApp/system/CodeIgniter.php(936): App\Controllers\User->profile('12')
#6 /Applications/MAMP/htdocs/liveApp/system/CodeIgniter.php(432): CodeIgniter\CodeIgniter->runController(Object(App\Controllers\User))
#7 /Applications/MAMP/htdocs/liveApp/system/CodeIgniter.php(333): CodeIgniter\CodeIgniter->handleRequest(NULL, Object(Config\Cache), false)
#8 /Applications/MAMP/htdocs/liveApp/index.php(44): CodeIgniter\CodeIgniter->run()
#9 {main}
CRITICAL - 2021-04-16 08:45:44 --> Undefined index: id
#0 /Applications/MAMP/htdocs/liveApp/app/Views/profile.php(81): CodeIgniter\Debug\Exceptions->errorHandler(8, 'Undefined index...', '/Applications/M...', 81, Array)
#1 /Applications/MAMP/htdocs/liveApp/system/View/View.php(220): include('/Applications/M...')
#2 /Applications/MAMP/htdocs/liveApp/system/View/View.php(222): CodeIgniter\View\View->CodeIgniter\View\{closure}()
#3 /Applications/MAMP/htdocs/liveApp/system/Common.php(1217): CodeIgniter\View\View->render('profile', Array, true)
#4 /Applications/MAMP/htdocs/liveApp/app/Controllers/User.php(51): view('profile', Array)
#5 /Applications/MAMP/htdocs/liveApp/system/CodeIgniter.php(936): App\Controllers\User->profile('12')
#6 /Applications/MAMP/htdocs/liveApp/system/CodeIgniter.php(432): CodeIgniter\CodeIgniter->runController(Object(App\Controllers\User))
#7 /Applications/MAMP/htdocs/liveApp/system/CodeIgniter.php(333): CodeIgniter\CodeIgniter->handleRequest(NULL, Object(Config\Cache), false)
#8 /Applications/MAMP/htdocs/liveApp/index.php(44): CodeIgniter\CodeIgniter->run()
#9 {main}
CRITICAL - 2021-04-16 08:46:21 --> Undefined index: id
#0 /Applications/MAMP/htdocs/liveApp/app/Views/profile.php(81): CodeIgniter\Debug\Exceptions->errorHandler(8, 'Undefined index...', '/Applications/M...', 81, Array)
#1 /Applications/MAMP/htdocs/liveApp/system/View/View.php(220): include('/Applications/M...')
#2 /Applications/MAMP/htdocs/liveApp/system/View/View.php(222): CodeIgniter\View\View->CodeIgniter\View\{closure}()
#3 /Applications/MAMP/htdocs/liveApp/system/Common.php(1217): CodeIgniter\View\View->render('profile', Array, true)
#4 /Applications/MAMP/htdocs/liveApp/app/Controllers/User.php(51): view('profile', Array)
#5 /Applications/MAMP/htdocs/liveApp/system/CodeIgniter.php(936): App\Controllers\User->profile('12')
#6 /Applications/MAMP/htdocs/liveApp/system/CodeIgniter.php(432): CodeIgniter\CodeIgniter->runController(Object(App\Controllers\User))
#7 /Applications/MAMP/htdocs/liveApp/system/CodeIgniter.php(333): CodeIgniter\CodeIgniter->handleRequest(NULL, Object(Config\Cache), false)
#8 /Applications/MAMP/htdocs/liveApp/index.php(44): CodeIgniter\CodeIgniter->run()
#9 {main}
CRITICAL - 2021-04-16 08:46:29 --> Undefined index: id
#0 /Applications/MAMP/htdocs/liveApp/app/Helpers/auth_helper.php(12): CodeIgniter\Debug\Exceptions->errorHandler(8, 'Undefined index...', '/Applications/M...', 12, Array)
#1 /Applications/MAMP/htdocs/liveApp/app/Views/profile.php(81): allowEdit('saed11389')
#2 /Applications/MAMP/htdocs/liveApp/system/View/View.php(220): include('/Applications/M...')
#3 /Applications/MAMP/htdocs/liveApp/system/View/View.php(222): CodeIgniter\View\View->CodeIgniter\View\{closure}()
#4 /Applications/MAMP/htdocs/liveApp/system/Common.php(1217): CodeIgniter\View\View->render('profile', Array, true)
#5 /Applications/MAMP/htdocs/liveApp/app/Controllers/User.php(51): view('profile', Array)
#6 /Applications/MAMP/htdocs/liveApp/system/CodeIgniter.php(936): App\Controllers\User->profile('12')
#7 /Applications/MAMP/htdocs/liveApp/system/CodeIgniter.php(432): CodeIgniter\CodeIgniter->runController(Object(App\Controllers\User))
#8 /Applications/MAMP/htdocs/liveApp/system/CodeIgniter.php(333): CodeIgniter\CodeIgniter->handleRequest(NULL, Object(Config\Cache), false)
#9 /Applications/MAMP/htdocs/liveApp/index.php(44): CodeIgniter\CodeIgniter->run()
#10 {main}
CRITICAL - 2021-04-16 08:46:37 --> Undefined index: id
#0 /Applications/MAMP/htdocs/liveApp/app/Views/profile.php(81): CodeIgniter\Debug\Exceptions->errorHandler(8, 'Undefined index...', '/Applications/M...', 81, Array)
#1 /Applications/MAMP/htdocs/liveApp/system/View/View.php(220): include('/Applications/M...')
#2 /Applications/MAMP/htdocs/liveApp/system/View/View.php(222): CodeIgniter\View\View->CodeIgniter\View\{closure}()
#3 /Applications/MAMP/htdocs/liveApp/system/Common.php(1217): CodeIgniter\View\View->render('profile', Array, true)
#4 /Applications/MAMP/htdocs/liveApp/app/Controllers/User.php(51): view('profile', Array)
#5 /Applications/MAMP/htdocs/liveApp/system/CodeIgniter.php(936): App\Controllers\User->profile('12')
#6 /Applications/MAMP/htdocs/liveApp/system/CodeIgniter.php(432): CodeIgniter\CodeIgniter->runController(Object(App\Controllers\User))
#7 /Applications/MAMP/htdocs/liveApp/system/CodeIgniter.php(333): CodeIgniter\CodeIgniter->handleRequest(NULL, Object(Config\Cache), false)
#8 /Applications/MAMP/htdocs/liveApp/index.php(44): CodeIgniter\CodeIgniter->run()
#9 {main}
CRITICAL - 2021-04-16 08:46:45 --> Undefined index: user_id
#0 /Applications/MAMP/htdocs/liveApp/app/Views/profile.php(81): CodeIgniter\Debug\Exceptions->errorHandler(8, 'Undefined index...', '/Applications/M...', 81, Array)
#1 /Applications/MAMP/htdocs/liveApp/system/View/View.php(220): include('/Applications/M...')
#2 /Applications/MAMP/htdocs/liveApp/system/View/View.php(222): CodeIgniter\View\View->CodeIgniter\View\{closure}()
#3 /Applications/MAMP/htdocs/liveApp/system/Common.php(1217): CodeIgniter\View\View->render('profile', Array, true)
#4 /Applications/MAMP/htdocs/liveApp/app/Controllers/User.php(51): view('profile', Array)
#5 /Applications/MAMP/htdocs/liveApp/system/CodeIgniter.php(936): App\Controllers\User->profile('12')
#6 /Applications/MAMP/htdocs/liveApp/system/CodeIgniter.php(432): CodeIgniter\CodeIgniter->runController(Object(App\Controllers\User))
#7 /Applications/MAMP/htdocs/liveApp/system/CodeIgniter.php(333): CodeIgniter\CodeIgniter->handleRequest(NULL, Object(Config\Cache), false)
#8 /Applications/MAMP/htdocs/liveApp/index.php(44): CodeIgniter\CodeIgniter->run()
#9 {main}
CRITICAL - 2021-04-16 08:52:40 --> Undefined index: id
#0 /Applications/MAMP/htdocs/liveApp/app/Views/profile.php(81): CodeIgniter\Debug\Exceptions->errorHandler(8, 'Undefined index...', '/Applications/M...', 81, Array)
#1 /Applications/MAMP/htdocs/liveApp/system/View/View.php(220): include('/Applications/M...')
#2 /Applications/MAMP/htdocs/liveApp/system/View/View.php(222): CodeIgniter\View\View->CodeIgniter\View\{closure}()
#3 /Applications/MAMP/htdocs/liveApp/system/Common.php(1217): CodeIgniter\View\View->render('profile', Array, true)
#4 /Applications/MAMP/htdocs/liveApp/app/Controllers/User.php(51): view('profile', Array)
#5 /Applications/MAMP/htdocs/liveApp/system/CodeIgniter.php(936): App\Controllers\User->profile('12')
#6 /Applications/MAMP/htdocs/liveApp/system/CodeIgniter.php(432): CodeIgniter\CodeIgniter->runController(Object(App\Controllers\User))
#7 /Applications/MAMP/htdocs/liveApp/system/CodeIgniter.php(333): CodeIgniter\CodeIgniter->handleRequest(NULL, Object(Config\Cache), false)
#8 /Applications/MAMP/htdocs/liveApp/index.php(44): CodeIgniter\CodeIgniter->run()
#9 {main}
CRITICAL - 2021-04-16 08:52:41 --> Undefined index: id
#0 /Applications/MAMP/htdocs/liveApp/app/Views/profile.php(81): CodeIgniter\Debug\Exceptions->errorHandler(8, 'Undefined index...', '/Applications/M...', 81, Array)
#1 /Applications/MAMP/htdocs/liveApp/system/View/View.php(220): include('/Applications/M...')
#2 /Applications/MAMP/htdocs/liveApp/system/View/View.php(222): CodeIgniter\View\View->CodeIgniter\View\{closure}()
#3 /Applications/MAMP/htdocs/liveApp/system/Common.php(1217): CodeIgniter\View\View->render('profile', Array, true)
#4 /Applications/MAMP/htdocs/liveApp/app/Controllers/User.php(51): view('profile', Array)
#5 /Applications/MAMP/htdocs/liveApp/system/CodeIgniter.php(936): App\Controllers\User->profile('12')
#6 /Applications/MAMP/htdocs/liveApp/system/CodeIgniter.php(432): CodeIgniter\CodeIgniter->runController(Object(App\Controllers\User))
#7 /Applications/MAMP/htdocs/liveApp/system/CodeIgniter.php(333): CodeIgniter\CodeIgniter->handleRequest(NULL, Object(Config\Cache), false)
#8 /Applications/MAMP/htdocs/liveApp/index.php(44): CodeIgniter\CodeIgniter->run()
#9 {main}
CRITICAL - 2021-04-16 08:52:46 --> Undefined index: id
#0 /Applications/MAMP/htdocs/liveApp/app/Views/profile.php(81): CodeIgniter\Debug\Exceptions->errorHandler(8, 'Undefined index...', '/Applications/M...', 81, Array)
#1 /Applications/MAMP/htdocs/liveApp/system/View/View.php(220): include('/Applications/M...')
#2 /Applications/MAMP/htdocs/liveApp/system/View/View.php(222): CodeIgniter\View\View->CodeIgniter\View\{closure}()
#3 /Applications/MAMP/htdocs/liveApp/system/Common.php(1217): CodeIgniter\View\View->render('profile', Array, true)
#4 /Applications/MAMP/htdocs/liveApp/app/Controllers/User.php(51): view('profile', Array)
#5 /Applications/MAMP/htdocs/liveApp/system/CodeIgniter.php(936): App\Controllers\User->profile('12')
#6 /Applications/MAMP/htdocs/liveApp/system/CodeIgniter.php(432): CodeIgniter\CodeIgniter->runController(Object(App\Controllers\User))
#7 /Applications/MAMP/htdocs/liveApp/system/CodeIgniter.php(333): CodeIgniter\CodeIgniter->handleRequest(NULL, Object(Config\Cache), false)
#8 /Applications/MAMP/htdocs/liveApp/index.php(44): CodeIgniter\CodeIgniter->run()
#9 {main}
CRITICAL - 2021-04-16 08:52:51 --> Undefined index: id
#0 /Applications/MAMP/htdocs/liveApp/app/Views/profile.php(81): CodeIgniter\Debug\Exceptions->errorHandler(8, 'Undefined index...', '/Applications/M...', 81, Array)
#1 /Applications/MAMP/htdocs/liveApp/system/View/View.php(220): include('/Applications/M...')
#2 /Applications/MAMP/htdocs/liveApp/system/View/View.php(222): CodeIgniter\View\View->CodeIgniter\View\{closure}()
#3 /Applications/MAMP/htdocs/liveApp/system/Common.php(1217): CodeIgniter\View\View->render('profile', Array, true)
#4 /Applications/MAMP/htdocs/liveApp/app/Controllers/User.php(51): view('profile', Array)
#5 /Applications/MAMP/htdocs/liveApp/system/CodeIgniter.php(936): App\Controllers\User->profile('12')
#6 /Applications/MAMP/htdocs/liveApp/system/CodeIgniter.php(432): CodeIgniter\CodeIgniter->runController(Object(App\Controllers\User))
#7 /Applications/MAMP/htdocs/liveApp/system/CodeIgniter.php(333): CodeIgniter\CodeIgniter->handleRequest(NULL, Object(Config\Cache), false)
#8 /Applications/MAMP/htdocs/liveApp/index.php(44): CodeIgniter\CodeIgniter->run()
#9 {main}
CRITICAL - 2021-04-16 08:58:34 --> Undefined index: id
#0 /Applications/MAMP/htdocs/liveApp/app/Views/profile.php(81): CodeIgniter\Debug\Exceptions->errorHandler(8, 'Undefined index...', '/Applications/M...', 81, Array)
#1 /Applications/MAMP/htdocs/liveApp/system/View/View.php(220): include('/Applications/M...')
#2 /Applications/MAMP/htdocs/liveApp/system/View/View.php(222): CodeIgniter\View\View->CodeIgniter\View\{closure}()
#3 /Applications/MAMP/htdocs/liveApp/system/Common.php(1217): CodeIgniter\View\View->render('profile', Array, true)
#4 /Applications/MAMP/htdocs/liveApp/app/Controllers/User.php(51): view('profile', Array)
#5 /Applications/MAMP/htdocs/liveApp/system/CodeIgniter.php(936): App\Controllers\User->profile('12')
#6 /Applications/MAMP/htdocs/liveApp/system/CodeIgniter.php(432): CodeIgniter\CodeIgniter->runController(Object(App\Controllers\User))
#7 /Applications/MAMP/htdocs/liveApp/system/CodeIgniter.php(333): CodeIgniter\CodeIgniter->handleRequest(NULL, Object(Config\Cache), false)
#8 /Applications/MAMP/htdocs/liveApp/index.php(44): CodeIgniter\CodeIgniter->run()
#9 {main}
CRITICAL - 2021-04-16 08:59:19 --> Undefined index: id
#0 /Applications/MAMP/htdocs/liveApp/app/Views/profile.php(143): CodeIgniter\Debug\Exceptions->errorHandler(8, 'Undefined index...', '/Applications/M...', 143, Array)
#1 /Applications/MAMP/htdocs/liveApp/system/View/View.php(220): include('/Applications/M...')
#2 /Applications/MAMP/htdocs/liveApp/system/View/View.php(222): CodeIgniter\View\View->CodeIgniter\View\{closure}()
#3 /Applications/MAMP/htdocs/liveApp/system/Common.php(1217): CodeIgniter\View\View->render('profile', Array, true)
#4 /Applications/MAMP/htdocs/liveApp/app/Controllers/User.php(51): view('profile', Array)
#5 /Applications/MAMP/htdocs/liveApp/system/CodeIgniter.php(936): App\Controllers\User->profile('12')
#6 /Applications/MAMP/htdocs/liveApp/system/CodeIgniter.php(432): CodeIgniter\CodeIgniter->runController(Object(App\Controllers\User))
#7 /Applications/MAMP/htdocs/liveApp/system/CodeIgniter.php(333): CodeIgniter\CodeIgniter->handleRequest(NULL, Object(Config\Cache), false)
#8 /Applications/MAMP/htdocs/liveApp/index.php(44): CodeIgniter\CodeIgniter->run()
#9 {main}
CRITICAL - 2021-04-16 09:00:39 --> Undefined index: user_id
#0 /Applications/MAMP/htdocs/liveApp/app/Views/profile.php(81): CodeIgniter\Debug\Exceptions->errorHandler(8, 'Undefined index...', '/Applications/M...', 81, Array)
#1 /Applications/MAMP/htdocs/liveApp/system/View/View.php(220): include('/Applications/M...')
#2 /Applications/MAMP/htdocs/liveApp/system/View/View.php(222): CodeIgniter\View\View->CodeIgniter\View\{closure}()
#3 /Applications/MAMP/htdocs/liveApp/system/Common.php(1217): CodeIgniter\View\View->render('profile', Array, true)
#4 /Applications/MAMP/htdocs/liveApp/app/Controllers/User.php(51): view('profile', Array)
#5 /Applications/MAMP/htdocs/liveApp/system/CodeIgniter.php(936): App\Controllers\User->profile('12')
#6 /Applications/MAMP/htdocs/liveApp/system/CodeIgniter.php(432): CodeIgniter\CodeIgniter->runController(Object(App\Controllers\User))
#7 /Applications/MAMP/htdocs/liveApp/system/CodeIgniter.php(333): CodeIgniter\CodeIgniter->handleRequest(NULL, Object(Config\Cache), false)
#8 /Applications/MAMP/htdocs/liveApp/index.php(44): CodeIgniter\CodeIgniter->run()
#9 {main}
CRITICAL - 2021-04-16 09:00:53 --> Trying to access array offset on value of type null
#0 /Applications/MAMP/htdocs/liveApp/app/Views/profile.php(143): CodeIgniter\Debug\Exceptions->errorHandler(8, 'Trying to acces...', '/Applications/M...', 143, Array)
#1 /Applications/MAMP/htdocs/liveApp/system/View/View.php(220): include('/Applications/M...')
#2 /Applications/MAMP/htdocs/liveApp/system/View/View.php(222): CodeIgniter\View\View->CodeIgniter\View\{closure}()
#3 /Applications/MAMP/htdocs/liveApp/system/Common.php(1217): CodeIgniter\View\View->render('profile', Array, true)
#4 /Applications/MAMP/htdocs/liveApp/app/Controllers/User.php(51): view('profile', Array)
#5 /Applications/MAMP/htdocs/liveApp/system/CodeIgniter.php(936): App\Controllers\User->profile('12')
#6 /Applications/MAMP/htdocs/liveApp/system/CodeIgniter.php(432): CodeIgniter\CodeIgniter->runController(Object(App\Controllers\User))
#7 /Applications/MAMP/htdocs/liveApp/system/CodeIgniter.php(333): CodeIgniter\CodeIgniter->handleRequest(NULL, Object(Config\Cache), false)
#8 /Applications/MAMP/htdocs/liveApp/index.php(44): CodeIgniter\CodeIgniter->run()
#9 {main}
CRITICAL - 2021-04-16 09:01:05 --> Undefined index: user_id
#0 /Applications/MAMP/htdocs/liveApp/app/Views/profile.php(143): CodeIgniter\Debug\Exceptions->errorHandler(8, 'Undefined index...', '/Applications/M...', 143, Array)
#1 /Applications/MAMP/htdocs/liveApp/system/View/View.php(220): include('/Applications/M...')
#2 /Applications/MAMP/htdocs/liveApp/system/View/View.php(222): CodeIgniter\View\View->CodeIgniter\View\{closure}()
#3 /Applications/MAMP/htdocs/liveApp/system/Common.php(1217): CodeIgniter\View\View->render('profile', Array, true)
#4 /Applications/MAMP/htdocs/liveApp/app/Controllers/User.php(51): view('profile', Array)
#5 /Applications/MAMP/htdocs/liveApp/system/CodeIgniter.php(936): App\Controllers\User->profile('12')
#6 /Applications/MAMP/htdocs/liveApp/system/CodeIgniter.php(432): CodeIgniter\CodeIgniter->runController(Object(App\Controllers\User))
#7 /Applications/MAMP/htdocs/liveApp/system/CodeIgniter.php(333): CodeIgniter\CodeIgniter->handleRequest(NULL, Object(Config\Cache), false)
#8 /Applications/MAMP/htdocs/liveApp/index.php(44): CodeIgniter\CodeIgniter->run()
#9 {main}
CRITICAL - 2021-04-16 09:02:49 --> Illegal string offset 'username'
#0 /Applications/MAMP/htdocs/liveApp/app/Helpers/auth_helper.php(12): CodeIgniter\Debug\Exceptions->errorHandler(2, 'Illegal string ...', '/Applications/M...', 12, Array)
#1 /Applications/MAMP/htdocs/liveApp/app/Views/profile.php(81): allowEdit('saed11389')
#2 /Applications/MAMP/htdocs/liveApp/system/View/View.php(220): include('/Applications/M...')
#3 /Applications/MAMP/htdocs/liveApp/system/View/View.php(222): CodeIgniter\View\View->CodeIgniter\View\{closure}()
#4 /Applications/MAMP/htdocs/liveApp/system/Common.php(1217): CodeIgniter\View\View->render('profile', Array, true)
#5 /Applications/MAMP/htdocs/liveApp/app/Controllers/User.php(51): view('profile', Array)
#6 /Applications/MAMP/htdocs/liveApp/system/CodeIgniter.php(936): App\Controllers\User->profile('12')
#7 /Applications/MAMP/htdocs/liveApp/system/CodeIgniter.php(432): CodeIgniter\CodeIgniter->runController(Object(App\Controllers\User))
#8 /Applications/MAMP/htdocs/liveApp/system/CodeIgniter.php(333): CodeIgniter\CodeIgniter->handleRequest(NULL, Object(Config\Cache), false)
#9 /Applications/MAMP/htdocs/liveApp/index.php(44): CodeIgniter\CodeIgniter->run()
#10 {main}
CRITICAL - 2021-04-16 09:02:59 --> Illegal string offset 'username'
#0 /Applications/MAMP/htdocs/liveApp/app/Helpers/auth_helper.php(12): CodeIgniter\Debug\Exceptions->errorHandler(2, 'Illegal string ...', '/Applications/M...', 12, Array)
#1 /Applications/MAMP/htdocs/liveApp/app/Views/profile.php(81): allowEdit('saed11389')
#2 /Applications/MAMP/htdocs/liveApp/system/View/View.php(220): include('/Applications/M...')
#3 /Applications/MAMP/htdocs/liveApp/system/View/View.php(222): CodeIgniter\View\View->CodeIgniter\View\{closure}()
#4 /Applications/MAMP/htdocs/liveApp/system/Common.php(1217): CodeIgniter\View\View->render('profile', Array, true)
#5 /Applications/MAMP/htdocs/liveApp/app/Controllers/User.php(51): view('profile', Array)
#6 /Applications/MAMP/htdocs/liveApp/system/CodeIgniter.php(936): App\Controllers\User->profile('12')
#7 /Applications/MAMP/htdocs/liveApp/system/CodeIgniter.php(432): CodeIgniter\CodeIgniter->runController(Object(App\Controllers\User))
#8 /Applications/MAMP/htdocs/liveApp/system/CodeIgniter.php(333): CodeIgniter\CodeIgniter->handleRequest(NULL, Object(Config\Cache), false)
#9 /Applications/MAMP/htdocs/liveApp/index.php(44): CodeIgniter\CodeIgniter->run()
#10 {main}
CRITICAL - 2021-04-16 09:04:59 --> Undefined index: id
#0 /Applications/MAMP/htdocs/liveApp/app/Views/profile.php(81): CodeIgniter\Debug\Exceptions->errorHandler(8, 'Undefined index...', '/Applications/M...', 81, Array)
#1 /Applications/MAMP/htdocs/liveApp/system/View/View.php(220): include('/Applications/M...')
#2 /Applications/MAMP/htdocs/liveApp/system/View/View.php(222): CodeIgniter\View\View->CodeIgniter\View\{closure}()
#3 /Applications/MAMP/htdocs/liveApp/system/Common.php(1217): CodeIgniter\View\View->render('profile', Array, true)
#4 /Applications/MAMP/htdocs/liveApp/app/Controllers/User.php(51): view('profile', Array)
#5 /Applications/MAMP/htdocs/liveApp/system/CodeIgniter.php(936): App\Controllers\User->profile('11')
#6 /Applications/MAMP/htdocs/liveApp/system/CodeIgniter.php(432): CodeIgniter\CodeIgniter->runController(Object(App\Controllers\User))
#7 /Applications/MAMP/htdocs/liveApp/system/CodeIgniter.php(333): CodeIgniter\CodeIgniter->handleRequest(NULL, Object(Config\Cache), false)
#8 /Applications/MAMP/htdocs/liveApp/index.php(44): CodeIgniter\CodeIgniter->run()
#9 {main}
CRITICAL - 2021-04-16 09:05:41 --> Undefined index: id
#0 /Applications/MAMP/htdocs/liveApp/app/Helpers/auth_helper.php(12): CodeIgniter\Debug\Exceptions->errorHandler(8, 'Undefined index...', '/Applications/M...', 12, Array)
#1 /Applications/MAMP/htdocs/liveApp/app/Views/profile.php(81): allowEdit('saed11389')
#2 /Applications/MAMP/htdocs/liveApp/system/View/View.php(220): include('/Applications/M...')
#3 /Applications/MAMP/htdocs/liveApp/system/View/View.php(222): CodeIgniter\View\View->CodeIgniter\View\{closure}()
#4 /Applications/MAMP/htdocs/liveApp/system/Common.php(1217): CodeIgniter\View\View->render('profile', Array, true)
#5 /Applications/MAMP/htdocs/liveApp/app/Controllers/User.php(51): view('profile', Array)
#6 /Applications/MAMP/htdocs/liveApp/system/CodeIgniter.php(936): App\Controllers\User->profile('11')
#7 /Applications/MAMP/htdocs/liveApp/system/CodeIgniter.php(432): CodeIgniter\CodeIgniter->runController(Object(App\Controllers\User))
#8 /Applications/MAMP/htdocs/liveApp/system/CodeIgniter.php(333): CodeIgniter\CodeIgniter->handleRequest(NULL, Object(Config\Cache), false)
#9 /Applications/MAMP/htdocs/liveApp/index.php(44): CodeIgniter\CodeIgniter->run()
#10 {main}
CRITICAL - 2021-04-16 09:10:59 --> syntax error, unexpected 'if' (T_IF)
#0 /Applications/MAMP/htdocs/liveApp/system/Autoloader/Autoloader.php(265): CodeIgniter\Autoloader\Autoloader->includeFile('/Applications/M...')
#1 /Applications/MAMP/htdocs/liveApp/system/Autoloader/Autoloader.php(228): CodeIgniter\Autoloader\Autoloader->loadInNamespace('App\\Controllers...')
#2 [internal function]: CodeIgniter\Autoloader\Autoloader->loadClass('App\\Controllers...')
#3 [internal function]: spl_autoload_call('App\\Controllers...')
#4 /Applications/MAMP/htdocs/liveApp/system/CodeIgniter.php(893): class_exists('\\App\\Controller...', true)
#5 /Applications/MAMP/htdocs/liveApp/system/CodeIgniter.php(417): CodeIgniter\CodeIgniter->startController()
#6 /Applications/MAMP/htdocs/liveApp/system/CodeIgniter.php(333): CodeIgniter\CodeIgniter->handleRequest(NULL, Object(Config\Cache), false)
#7 /Applications/MAMP/htdocs/liveApp/index.php(44): CodeIgniter\CodeIgniter->run()
#8 {main}
CRITICAL - 2021-04-16 09:42:34 --> Trying to access array offset on value of type null
#0 /Applications/MAMP/htdocs/liveApp/app/Views/profile.php(81): CodeIgniter\Debug\Exceptions->errorHandler(8, 'Trying to acces...', '/Applications/M...', 81, Array)
#1 /Applications/MAMP/htdocs/liveApp/system/View/View.php(220): include('/Applications/M...')
#2 /Applications/MAMP/htdocs/liveApp/system/View/View.php(222): CodeIgniter\View\View->CodeIgniter\View\{closure}()
#3 /Applications/MAMP/htdocs/liveApp/system/Common.php(1217): CodeIgniter\View\View->render('profile', Array, true)
#4 /Applications/MAMP/htdocs/liveApp/app/Controllers/User.php(52): view('profile', Array)
#5 /Applications/MAMP/htdocs/liveApp/system/CodeIgniter.php(936): App\Controllers\User->profile('12')
#6 /Applications/MAMP/htdocs/liveApp/system/CodeIgniter.php(432): CodeIgniter\CodeIgniter->runController(Object(App\Controllers\User))
#7 /Applications/MAMP/htdocs/liveApp/system/CodeIgniter.php(333): CodeIgniter\CodeIgniter->handleRequest(NULL, Object(Config\Cache), false)
#8 /Applications/MAMP/htdocs/liveApp/index.php(44): CodeIgniter\CodeIgniter->run()
#9 {main}
CRITICAL - 2021-04-16 09:43:21 --> Undefined index: id
#0 /Applications/MAMP/htdocs/liveApp/app/Helpers/auth_helper.php(12): CodeIgniter\Debug\Exceptions->errorHandler(8, 'Undefined index...', '/Applications/M...', 12, Array)
#1 /Applications/MAMP/htdocs/liveApp/app/Views/profile.php(81): allowEdit(NULL)
#2 /Applications/MAMP/htdocs/liveApp/system/View/View.php(220): include('/Applications/M...')
#3 /Applications/MAMP/htdocs/liveApp/system/View/View.php(222): CodeIgniter\View\View->CodeIgniter\View\{closure}()
#4 /Applications/MAMP/htdocs/liveApp/system/Common.php(1217): CodeIgniter\View\View->render('profile', Array, true)
#5 /Applications/MAMP/htdocs/liveApp/app/Controllers/User.php(52): view('profile', Array)
#6 /Applications/MAMP/htdocs/liveApp/system/CodeIgniter.php(936): App\Controllers\User->profile('12')
#7 /Applications/MAMP/htdocs/liveApp/system/CodeIgniter.php(432): CodeIgniter\CodeIgniter->runController(Object(App\Controllers\User))
#8 /Applications/MAMP/htdocs/liveApp/system/CodeIgniter.php(333): CodeIgniter\CodeIgniter->handleRequest(NULL, Object(Config\Cache), false)
#9 /Applications/MAMP/htdocs/liveApp/index.php(44): CodeIgniter\CodeIgniter->run()
#10 {main}
CRITICAL - 2021-04-16 09:43:53 --> Undefined index: id
#0 /Applications/MAMP/htdocs/liveApp/app/Helpers/auth_helper.php(12): CodeIgniter\Debug\Exceptions->errorHandler(8, 'Undefined index...', '/Applications/M...', 12, Array)
#1 /Applications/MAMP/htdocs/liveApp/app/Views/profile.php(81): allowEdit('6')
#2 /Applications/MAMP/htdocs/liveApp/system/View/View.php(220): include('/Applications/M...')
#3 /Applications/MAMP/htdocs/liveApp/system/View/View.php(222): CodeIgniter\View\View->CodeIgniter\View\{closure}()
#4 /Applications/MAMP/htdocs/liveApp/system/Common.php(1217): CodeIgniter\View\View->render('profile', Array, true)
#5 /Applications/MAMP/htdocs/liveApp/app/Controllers/User.php(52): view('profile', Array)
#6 /Applications/MAMP/htdocs/liveApp/system/CodeIgniter.php(936): App\Controllers\User->profile('12')
#7 /Applications/MAMP/htdocs/liveApp/system/CodeIgniter.php(432): CodeIgniter\CodeIgniter->runController(Object(App\Controllers\User))
#8 /Applications/MAMP/htdocs/liveApp/system/CodeIgniter.php(333): CodeIgniter\CodeIgniter->handleRequest(NULL, Object(Config\Cache), false)
#9 /Applications/MAMP/htdocs/liveApp/index.php(44): CodeIgniter\CodeIgniter->run()
#10 {main}
CRITICAL - 2021-04-16 09:44:17 --> Function name must be a string
#0 /Applications/MAMP/htdocs/liveApp/app/Views/profile.php(81): allowEdit('6')
#1 /Applications/MAMP/htdocs/liveApp/system/View/View.php(220): include('/Applications/M...')
#2 /Applications/MAMP/htdocs/liveApp/system/View/View.php(222): CodeIgniter\View\View->CodeIgniter\View\{closure}()
#3 /Applications/MAMP/htdocs/liveApp/system/Common.php(1217): CodeIgniter\View\View->render('profile', Array, true)
#4 /Applications/MAMP/htdocs/liveApp/app/Controllers/User.php(52): view('profile', Array)
#5 /Applications/MAMP/htdocs/liveApp/system/CodeIgniter.php(936): App\Controllers\User->profile('12')
#6 /Applications/MAMP/htdocs/liveApp/system/CodeIgniter.php(432): CodeIgniter\CodeIgniter->runController(Object(App\Controllers\User))
#7 /Applications/MAMP/htdocs/liveApp/system/CodeIgniter.php(333): CodeIgniter\CodeIgniter->handleRequest(NULL, Object(Config\Cache), false)
#8 /Applications/MAMP/htdocs/liveApp/index.php(44): CodeIgniter\CodeIgniter->run()
#9 {main}
CRITICAL - 2021-04-16 09:44:32 --> Function name must be a string
#0 /Applications/MAMP/htdocs/liveApp/app/Views/profile.php(81): allowEdit('6')
#1 /Applications/MAMP/htdocs/liveApp/system/View/View.php(220): include('/Applications/M...')
#2 /Applications/MAMP/htdocs/liveApp/system/View/View.php(222): CodeIgniter\View\View->CodeIgniter\View\{closure}()
#3 /Applications/MAMP/htdocs/liveApp/system/Common.php(1217): CodeIgniter\View\View->render('profile', Array, true)
#4 /Applications/MAMP/htdocs/liveApp/app/Controllers/User.php(52): view('profile', Array)
#5 /Applications/MAMP/htdocs/liveApp/system/CodeIgniter.php(936): App\Controllers\User->profile('12')
#6 /Applications/MAMP/htdocs/liveApp/system/CodeIgniter.php(432): CodeIgniter\CodeIgniter->runController(Object(App\Controllers\User))
#7 /Applications/MAMP/htdocs/liveApp/system/CodeIgniter.php(333): CodeIgniter\CodeIgniter->handleRequest(NULL, Object(Config\Cache), false)
#8 /Applications/MAMP/htdocs/liveApp/index.php(44): CodeIgniter\CodeIgniter->run()
#9 {main}
CRITICAL - 2021-04-16 09:44:38 --> Function name must be a string
#0 /Applications/MAMP/htdocs/liveApp/app/Views/profile.php(81): allowEdit('6')
#1 /Applications/MAMP/htdocs/liveApp/system/View/View.php(220): include('/Applications/M...')
#2 /Applications/MAMP/htdocs/liveApp/system/View/View.php(222): CodeIgniter\View\View->CodeIgniter\View\{closure}()
#3 /Applications/MAMP/htdocs/liveApp/system/Common.php(1217): CodeIgniter\View\View->render('profile', Array, true)
#4 /Applications/MAMP/htdocs/liveApp/app/Controllers/User.php(52): view('profile', Array)
#5 /Applications/MAMP/htdocs/liveApp/system/CodeIgniter.php(936): App\Controllers\User->profile('12')
#6 /Applications/MAMP/htdocs/liveApp/system/CodeIgniter.php(432): CodeIgniter\CodeIgniter->runController(Object(App\Controllers\User))
#7 /Applications/MAMP/htdocs/liveApp/system/CodeIgniter.php(333): CodeIgniter\CodeIgniter->handleRequest(NULL, Object(Config\Cache), false)
#8 /Applications/MAMP/htdocs/liveApp/index.php(44): CodeIgniter\CodeIgniter->run()
#9 {main}
CRITICAL - 2021-04-16 09:44:45 --> Function name must be a string
#0 /Applications/MAMP/htdocs/liveApp/app/Views/profile.php(81): allowEdit('6')
#1 /Applications/MAMP/htdocs/liveApp/system/View/View.php(220): include('/Applications/M...')
#2 /Applications/MAMP/htdocs/liveApp/system/View/View.php(222): CodeIgniter\View\View->CodeIgniter\View\{closure}()
#3 /Applications/MAMP/htdocs/liveApp/system/Common.php(1217): CodeIgniter\View\View->render('profile', Array, true)
#4 /Applications/MAMP/htdocs/liveApp/app/Controllers/User.php(52): view('profile', Array)
#5 /Applications/MAMP/htdocs/liveApp/system/CodeIgniter.php(936): App\Controllers\User->profile('12')
#6 /Applications/MAMP/htdocs/liveApp/system/CodeIgniter.php(432): CodeIgniter\CodeIgniter->runController(Object(App\Controllers\User))
#7 /Applications/MAMP/htdocs/liveApp/system/CodeIgniter.php(333): CodeIgniter\CodeIgniter->handleRequest(NULL, Object(Config\Cache), false)
#8 /Applications/MAMP/htdocs/liveApp/index.php(44): CodeIgniter\CodeIgniter->run()
#9 {main}
CRITICAL - 2021-04-16 10:14:09 --> Function name must be a string
#0 /Applications/MAMP/htdocs/liveApp/app/Views/profile.php(81): allowEdit('6')
#1 /Applications/MAMP/htdocs/liveApp/system/View/View.php(220): include('/Applications/M...')
#2 /Applications/MAMP/htdocs/liveApp/system/View/View.php(222): CodeIgniter\View\View->CodeIgniter\View\{closure}()
#3 /Applications/MAMP/htdocs/liveApp/system/Common.php(1217): CodeIgniter\View\View->render('profile', Array, true)
#4 /Applications/MAMP/htdocs/liveApp/app/Controllers/User.php(52): view('profile', Array)
#5 /Applications/MAMP/htdocs/liveApp/system/CodeIgniter.php(936): App\Controllers\User->profile('12')
#6 /Applications/MAMP/htdocs/liveApp/system/CodeIgniter.php(432): CodeIgniter\CodeIgniter->runController(Object(App\Controllers\User))
#7 /Applications/MAMP/htdocs/liveApp/system/CodeIgniter.php(333): CodeIgniter\CodeIgniter->handleRequest(NULL, Object(Config\Cache), false)
#8 /Applications/MAMP/htdocs/liveApp/index.php(44): CodeIgniter\CodeIgniter->run()
#9 {main}
CRITICAL - 2021-04-16 10:14:22 --> Function name must be a string
#0 /Applications/MAMP/htdocs/liveApp/app/Views/profile.php(81): allowEdit('5')
#1 /Applications/MAMP/htdocs/liveApp/system/View/View.php(220): include('/Applications/M...')
#2 /Applications/MAMP/htdocs/liveApp/system/View/View.php(222): CodeIgniter\View\View->CodeIgniter\View\{closure}()
#3 /Applications/MAMP/htdocs/liveApp/system/Common.php(1217): CodeIgniter\View\View->render('profile', Array, true)
#4 /Applications/MAMP/htdocs/liveApp/app/Controllers/User.php(52): view('profile', Array)
#5 /Applications/MAMP/htdocs/liveApp/system/CodeIgniter.php(936): App\Controllers\User->profile('11')
#6 /Applications/MAMP/htdocs/liveApp/system/CodeIgniter.php(432): CodeIgniter\CodeIgniter->runController(Object(App\Controllers\User))
#7 /Applications/MAMP/htdocs/liveApp/system/CodeIgniter.php(333): CodeIgniter\CodeIgniter->handleRequest(NULL, Object(Config\Cache), false)
#8 /Applications/MAMP/htdocs/liveApp/index.php(44): CodeIgniter\CodeIgniter->run()
#9 {main}
CRITICAL - 2021-04-16 10:18:24 --> Function name must be a string
#0 /Applications/MAMP/htdocs/liveApp/app/Views/profile.php(81): allowEdit('saed1389')
#1 /Applications/MAMP/htdocs/liveApp/system/View/View.php(220): include('/Applications/M...')
#2 /Applications/MAMP/htdocs/liveApp/system/View/View.php(222): CodeIgniter\View\View->CodeIgniter\View\{closure}()
#3 /Applications/MAMP/htdocs/liveApp/system/Common.php(1217): CodeIgniter\View\View->render('profile', Array, true)
#4 /Applications/MAMP/htdocs/liveApp/app/Controllers/User.php(52): view('profile', Array)
#5 /Applications/MAMP/htdocs/liveApp/system/CodeIgniter.php(936): App\Controllers\User->profile('11')
#6 /Applications/MAMP/htdocs/liveApp/system/CodeIgniter.php(432): CodeIgniter\CodeIgniter->runController(Object(App\Controllers\User))
#7 /Applications/MAMP/htdocs/liveApp/system/CodeIgniter.php(333): CodeIgniter\CodeIgniter->handleRequest(NULL, Object(Config\Cache), false)
#8 /Applications/MAMP/htdocs/liveApp/index.php(44): CodeIgniter\CodeIgniter->run()
#9 {main}
CRITICAL - 2021-04-16 10:18:25 --> Function name must be a string
#0 /Applications/MAMP/htdocs/liveApp/app/Views/profile.php(81): allowEdit('saed1389')
#1 /Applications/MAMP/htdocs/liveApp/system/View/View.php(220): include('/Applications/M...')
#2 /Applications/MAMP/htdocs/liveApp/system/View/View.php(222): CodeIgniter\View\View->CodeIgniter\View\{closure}()
#3 /Applications/MAMP/htdocs/liveApp/system/Common.php(1217): CodeIgniter\View\View->render('profile', Array, true)
#4 /Applications/MAMP/htdocs/liveApp/app/Controllers/User.php(52): view('profile', Array)
#5 /Applications/MAMP/htdocs/liveApp/system/CodeIgniter.php(936): App\Controllers\User->profile('11')
#6 /Applications/MAMP/htdocs/liveApp/system/CodeIgniter.php(432): CodeIgniter\CodeIgniter->runController(Object(App\Controllers\User))
#7 /Applications/MAMP/htdocs/liveApp/system/CodeIgniter.php(333): CodeIgniter\CodeIgniter->handleRequest(NULL, Object(Config\Cache), false)
#8 /Applications/MAMP/htdocs/liveApp/index.php(44): CodeIgniter\CodeIgniter->run()
#9 {main}
CRITICAL - 2021-04-16 10:20:58 --> Undefined index: id
#0 /Applications/MAMP/htdocs/liveApp/app/Helpers/auth_helper.php(12): CodeIgniter\Debug\Exceptions->errorHandler(8, 'Undefined index...', '/Applications/M...', 12, Array)
#1 /Applications/MAMP/htdocs/liveApp/app/Views/profile.php(81): allowEdit('saed1389')
#2 /Applications/MAMP/htdocs/liveApp/system/View/View.php(220): include('/Applications/M...')
#3 /Applications/MAMP/htdocs/liveApp/system/View/View.php(222): CodeIgniter\View\View->CodeIgniter\View\{closure}()
#4 /Applications/MAMP/htdocs/liveApp/system/Common.php(1217): CodeIgniter\View\View->render('profile', Array, true)
#5 /Applications/MAMP/htdocs/liveApp/app/Controllers/User.php(52): view('profile', Array)
#6 /Applications/MAMP/htdocs/liveApp/system/CodeIgniter.php(936): App\Controllers\User->profile('11')
#7 /Applications/MAMP/htdocs/liveApp/system/CodeIgniter.php(432): CodeIgniter\CodeIgniter->runController(Object(App\Controllers\User))
#8 /Applications/MAMP/htdocs/liveApp/system/CodeIgniter.php(333): CodeIgniter\CodeIgniter->handleRequest(NULL, Object(Config\Cache), false)
#9 /Applications/MAMP/htdocs/liveApp/index.php(44): CodeIgniter\CodeIgniter->run()
#10 {main}
CRITICAL - 2021-04-16 10:21:23 --> Undefined index: id
#0 /Applications/MAMP/htdocs/liveApp/app/Helpers/auth_helper.php(12): CodeIgniter\Debug\Exceptions->errorHandler(8, 'Undefined index...', '/Applications/M...', 12, Array)
#1 /Applications/MAMP/htdocs/liveApp/app/Views/profile.php(81): allowEdit('saed1389')
#2 /Applications/MAMP/htdocs/liveApp/system/View/View.php(220): include('/Applications/M...')
#3 /Applications/MAMP/htdocs/liveApp/system/View/View.php(222): CodeIgniter\View\View->CodeIgniter\View\{closure}()
#4 /Applications/MAMP/htdocs/liveApp/system/Common.php(1217): CodeIgniter\View\View->render('profile', Array, true)
#5 /Applications/MAMP/htdocs/liveApp/app/Controllers/User.php(52): view('profile', Array)
#6 /Applications/MAMP/htdocs/liveApp/system/CodeIgniter.php(936): App\Controllers\User->profile('11')
#7 /Applications/MAMP/htdocs/liveApp/system/CodeIgniter.php(432): CodeIgniter\CodeIgniter->runController(Object(App\Controllers\User))
#8 /Applications/MAMP/htdocs/liveApp/system/CodeIgniter.php(333): CodeIgniter\CodeIgniter->handleRequest(NULL, Object(Config\Cache), false)
#9 /Applications/MAMP/htdocs/liveApp/index.php(44): CodeIgniter\CodeIgniter->run()
#10 {main}
CRITICAL - 2021-04-16 10:21:34 --> Function name must be a string
#0 /Applications/MAMP/htdocs/liveApp/app/Views/profile.php(81): allowEdit('saed1389')
#1 /Applications/MAMP/htdocs/liveApp/system/View/View.php(220): include('/Applications/M...')
#2 /Applications/MAMP/htdocs/liveApp/system/View/View.php(222): CodeIgniter\View\View->CodeIgniter\View\{closure}()
#3 /Applications/MAMP/htdocs/liveApp/system/Common.php(1217): CodeIgniter\View\View->render('profile', Array, true)
#4 /Applications/MAMP/htdocs/liveApp/app/Controllers/User.php(52): view('profile', Array)
#5 /Applications/MAMP/htdocs/liveApp/system/CodeIgniter.php(936): App\Controllers\User->profile('11')
#6 /Applications/MAMP/htdocs/liveApp/system/CodeIgniter.php(432): CodeIgniter\CodeIgniter->runController(Object(App\Controllers\User))
#7 /Applications/MAMP/htdocs/liveApp/system/CodeIgniter.php(333): CodeIgniter\CodeIgniter->handleRequest(NULL, Object(Config\Cache), false)
#8 /Applications/MAMP/htdocs/liveApp/index.php(44): CodeIgniter\CodeIgniter->run()
#9 {main}
CRITICAL - 2021-04-16 10:22:57 --> Function name must be a string
#0 /Applications/MAMP/htdocs/liveApp/app/Views/profile.php(81): allowEdit('saed1389')
#1 /Applications/MAMP/htdocs/liveApp/system/View/View.php(220): include('/Applications/M...')
#2 /Applications/MAMP/htdocs/liveApp/system/View/View.php(222): CodeIgniter\View\View->CodeIgniter\View\{closure}()
#3 /Applications/MAMP/htdocs/liveApp/system/Common.php(1217): CodeIgniter\View\View->render('profile', Array, true)
#4 /Applications/MAMP/htdocs/liveApp/app/Controllers/User.php(52): view('profile', Array)
#5 /Applications/MAMP/htdocs/liveApp/system/CodeIgniter.php(936): App\Controllers\User->profile('11')
#6 /Applications/MAMP/htdocs/liveApp/system/CodeIgniter.php(432): CodeIgniter\CodeIgniter->runController(Object(App\Controllers\User))
#7 /Applications/MAMP/htdocs/liveApp/system/CodeIgniter.php(333): CodeIgniter\CodeIgniter->handleRequest(NULL, Object(Config\Cache), false)
#8 /Applications/MAMP/htdocs/liveApp/index.php(44): CodeIgniter\CodeIgniter->run()
#9 {main}
CRITICAL - 2021-04-16 10:23:07 --> Function name must be a string
#0 /Applications/MAMP/htdocs/liveApp/app/Views/profile.php(81): allowEdit('saed1389')
#1 /Applications/MAMP/htdocs/liveApp/system/View/View.php(220): include('/Applications/M...')
#2 /Applications/MAMP/htdocs/liveApp/system/View/View.php(222): CodeIgniter\View\View->CodeIgniter\View\{closure}()
#3 /Applications/MAMP/htdocs/liveApp/system/Common.php(1217): CodeIgniter\View\View->render('profile', Array, true)
#4 /Applications/MAMP/htdocs/liveApp/app/Controllers/User.php(52): view('profile', Array)
#5 /Applications/MAMP/htdocs/liveApp/system/CodeIgniter.php(936): App\Controllers\User->profile('11')
#6 /Applications/MAMP/htdocs/liveApp/system/CodeIgniter.php(432): CodeIgniter\CodeIgniter->runController(Object(App\Controllers\User))
#7 /Applications/MAMP/htdocs/liveApp/system/CodeIgniter.php(333): CodeIgniter\CodeIgniter->handleRequest(NULL, Object(Config\Cache), false)
#8 /Applications/MAMP/htdocs/liveApp/index.php(44): CodeIgniter\CodeIgniter->run()
#9 {main}
CRITICAL - 2021-04-16 10:23:37 --> Undefined index: 
#0 /Applications/MAMP/htdocs/liveApp/app/Views/profile.php(81): CodeIgniter\Debug\Exceptions->errorHandler(8, 'Undefined index...', '/Applications/M...', 81, Array)
#1 /Applications/MAMP/htdocs/liveApp/system/View/View.php(220): include('/Applications/M...')
#2 /Applications/MAMP/htdocs/liveApp/system/View/View.php(222): CodeIgniter\View\View->CodeIgniter\View\{closure}()
#3 /Applications/MAMP/htdocs/liveApp/system/Common.php(1217): CodeIgniter\View\View->render('profile', Array, true)
#4 /Applications/MAMP/htdocs/liveApp/app/Controllers/User.php(52): view('profile', Array)
#5 /Applications/MAMP/htdocs/liveApp/system/CodeIgniter.php(936): App\Controllers\User->profile('11')
#6 /Applications/MAMP/htdocs/liveApp/system/CodeIgniter.php(432): CodeIgniter\CodeIgniter->runController(Object(App\Controllers\User))
#7 /Applications/MAMP/htdocs/liveApp/system/CodeIgniter.php(333): CodeIgniter\CodeIgniter->handleRequest(NULL, Object(Config\Cache), false)
#8 /Applications/MAMP/htdocs/liveApp/index.php(44): CodeIgniter\CodeIgniter->run()
#9 {main}
CRITICAL - 2021-04-16 10:23:46 --> Undefined index: id
#0 /Applications/MAMP/htdocs/liveApp/app/Views/profile.php(81): CodeIgniter\Debug\Exceptions->errorHandler(8, 'Undefined index...', '/Applications/M...', 81, Array)
#1 /Applications/MAMP/htdocs/liveApp/system/View/View.php(220): include('/Applications/M...')
#2 /Applications/MAMP/htdocs/liveApp/system/View/View.php(222): CodeIgniter\View\View->CodeIgniter\View\{closure}()
#3 /Applications/MAMP/htdocs/liveApp/system/Common.php(1217): CodeIgniter\View\View->render('profile', Array, true)
#4 /Applications/MAMP/htdocs/liveApp/app/Controllers/User.php(52): view('profile', Array)
#5 /Applications/MAMP/htdocs/liveApp/system/CodeIgniter.php(936): App\Controllers\User->profile('11')
#6 /Applications/MAMP/htdocs/liveApp/system/CodeIgniter.php(432): CodeIgniter\CodeIgniter->runController(Object(App\Controllers\User))
#7 /Applications/MAMP/htdocs/liveApp/system/CodeIgniter.php(333): CodeIgniter\CodeIgniter->handleRequest(NULL, Object(Config\Cache), false)
#8 /Applications/MAMP/htdocs/liveApp/index.php(44): CodeIgniter\CodeIgniter->run()
#9 {main}
CRITICAL - 2021-04-16 10:24:04 --> Function name must be a string
#0 /Applications/MAMP/htdocs/liveApp/app/Views/profile.php(81): allowEdit('saed1389')
#1 /Applications/MAMP/htdocs/liveApp/system/View/View.php(220): include('/Applications/M...')
#2 /Applications/MAMP/htdocs/liveApp/system/View/View.php(222): CodeIgniter\View\View->CodeIgniter\View\{closure}()
#3 /Applications/MAMP/htdocs/liveApp/system/Common.php(1217): CodeIgniter\View\View->render('profile', Array, true)
#4 /Applications/MAMP/htdocs/liveApp/app/Controllers/User.php(52): view('profile', Array)
#5 /Applications/MAMP/htdocs/liveApp/system/CodeIgniter.php(936): App\Controllers\User->profile('11')
#6 /Applications/MAMP/htdocs/liveApp/system/CodeIgniter.php(432): CodeIgniter\CodeIgniter->runController(Object(App\Controllers\User))
#7 /Applications/MAMP/htdocs/liveApp/system/CodeIgniter.php(333): CodeIgniter\CodeIgniter->handleRequest(NULL, Object(Config\Cache), false)
#8 /Applications/MAMP/htdocs/liveApp/index.php(44): CodeIgniter\CodeIgniter->run()
#9 {main}
CRITICAL - 2021-04-16 10:24:12 --> Undefined index: user_id
#0 /Applications/MAMP/htdocs/liveApp/app/Views/profile.php(81): CodeIgniter\Debug\Exceptions->errorHandler(8, 'Undefined index...', '/Applications/M...', 81, Array)
#1 /Applications/MAMP/htdocs/liveApp/system/View/View.php(220): include('/Applications/M...')
#2 /Applications/MAMP/htdocs/liveApp/system/View/View.php(222): CodeIgniter\View\View->CodeIgniter\View\{closure}()
#3 /Applications/MAMP/htdocs/liveApp/system/Common.php(1217): CodeIgniter\View\View->render('profile', Array, true)
#4 /Applications/MAMP/htdocs/liveApp/app/Controllers/User.php(52): view('profile', Array)
#5 /Applications/MAMP/htdocs/liveApp/system/CodeIgniter.php(936): App\Controllers\User->profile('11')
#6 /Applications/MAMP/htdocs/liveApp/system/CodeIgniter.php(432): CodeIgniter\CodeIgniter->runController(Object(App\Controllers\User))
#7 /Applications/MAMP/htdocs/liveApp/system/CodeIgniter.php(333): CodeIgniter\CodeIgniter->handleRequest(NULL, Object(Config\Cache), false)
#8 /Applications/MAMP/htdocs/liveApp/index.php(44): CodeIgniter\CodeIgniter->run()
#9 {main}
CRITICAL - 2021-04-16 10:25:59 --> Undefined index: user_id
#0 /Applications/MAMP/htdocs/liveApp/app/Views/profile.php(81): CodeIgniter\Debug\Exceptions->errorHandler(8, 'Undefined index...', '/Applications/M...', 81, Array)
#1 /Applications/MAMP/htdocs/liveApp/system/View/View.php(220): include('/Applications/M...')
#2 /Applications/MAMP/htdocs/liveApp/system/View/View.php(222): CodeIgniter\View\View->CodeIgniter\View\{closure}()
#3 /Applications/MAMP/htdocs/liveApp/system/Common.php(1217): CodeIgniter\View\View->render('profile', Array, true)
#4 /Applications/MAMP/htdocs/liveApp/app/Controllers/User.php(52): view('profile', Array)
#5 /Applications/MAMP/htdocs/liveApp/system/CodeIgniter.php(936): App\Controllers\User->profile('11')
#6 /Applications/MAMP/htdocs/liveApp/system/CodeIgniter.php(432): CodeIgniter\CodeIgniter->runController(Object(App\Controllers\User))
#7 /Applications/MAMP/htdocs/liveApp/system/CodeIgniter.php(333): CodeIgniter\CodeIgniter->handleRequest(NULL, Object(Config\Cache), false)
#8 /Applications/MAMP/htdocs/liveApp/index.php(44): CodeIgniter\CodeIgniter->run()
#9 {main}
CRITICAL - 2021-04-16 10:26:37 --> Undefined index: user_id
#0 /Applications/MAMP/htdocs/liveApp/app/Views/profile.php(81): CodeIgniter\Debug\Exceptions->errorHandler(8, 'Undefined index...', '/Applications/M...', 81, Array)
#1 /Applications/MAMP/htdocs/liveApp/system/View/View.php(220): include('/Applications/M...')
#2 /Applications/MAMP/htdocs/liveApp/system/View/View.php(222): CodeIgniter\View\View->CodeIgniter\View\{closure}()
#3 /Applications/MAMP/htdocs/liveApp/system/Common.php(1217): CodeIgniter\View\View->render('profile', Array, true)
#4 /Applications/MAMP/htdocs/liveApp/app/Controllers/User.php(52): view('profile', Array)
#5 /Applications/MAMP/htdocs/liveApp/system/CodeIgniter.php(936): App\Controllers\User->profile('11')
#6 /Applications/MAMP/htdocs/liveApp/system/CodeIgniter.php(432): CodeIgniter\CodeIgniter->runController(Object(App\Controllers\User))
#7 /Applications/MAMP/htdocs/liveApp/system/CodeIgniter.php(333): CodeIgniter\CodeIgniter->handleRequest(NULL, Object(Config\Cache), false)
#8 /Applications/MAMP/htdocs/liveApp/index.php(44): CodeIgniter\CodeIgniter->run()
#9 {main}
CRITICAL - 2021-04-16 10:26:47 --> Undefined index: id
#0 /Applications/MAMP/htdocs/liveApp/app/Views/profile.php(81): CodeIgniter\Debug\Exceptions->errorHandler(8, 'Undefined index...', '/Applications/M...', 81, Array)
#1 /Applications/MAMP/htdocs/liveApp/system/View/View.php(220): include('/Applications/M...')
#2 /Applications/MAMP/htdocs/liveApp/system/View/View.php(222): CodeIgniter\View\View->CodeIgniter\View\{closure}()
#3 /Applications/MAMP/htdocs/liveApp/system/Common.php(1217): CodeIgniter\View\View->render('profile', Array, true)
#4 /Applications/MAMP/htdocs/liveApp/app/Controllers/User.php(52): view('profile', Array)
#5 /Applications/MAMP/htdocs/liveApp/system/CodeIgniter.php(936): App\Controllers\User->profile('11')
#6 /Applications/MAMP/htdocs/liveApp/system/CodeIgniter.php(432): CodeIgniter\CodeIgniter->runController(Object(App\Controllers\User))
#7 /Applications/MAMP/htdocs/liveApp/system/CodeIgniter.php(333): CodeIgniter\CodeIgniter->handleRequest(NULL, Object(Config\Cache), false)
#8 /Applications/MAMP/htdocs/liveApp/index.php(44): CodeIgniter\CodeIgniter->run()
#9 {main}
ERROR - 2021-04-16 10:28:15 --> mysqli_sql_exception: Not unique table/alias: 'profiles' in /Applications/MAMP/htdocs/liveApp/system/Database/MySQLi/Connection.php:314
Stack trace:
#0 /Applications/MAMP/htdocs/liveApp/system/Database/MySQLi/Connection.php(314): mysqli->query('SELECT *\nFROM `...')
#1 /Applications/MAMP/htdocs/liveApp/system/Database/BaseConnection.php(713): CodeIgniter\Database\MySQLi\Connection->execute('SELECT *\nFROM `...')
#2 /Applications/MAMP/htdocs/liveApp/system/Database/BaseConnection.php(641): CodeIgniter\Database\BaseConnection->simpleQuery('SELECT *\nFROM `...')
#3 /Applications/MAMP/htdocs/liveApp/system/Database/BaseBuilder.php(1866): CodeIgniter\Database\BaseConnection->query('SELECT *\nFROM `...', Array, false)
#4 /Applications/MAMP/htdocs/liveApp/system/Model.php(169): CodeIgniter\Database\BaseBuilder->get()
#5 /Applications/MAMP/htdocs/liveApp/system/BaseModel.php(518): CodeIgniter\Model->doFind(true, '11')
#6 /Applications/MAMP/htdocs/liveApp/app/Controllers/User.php(47): CodeIgniter\BaseModel->find('11')
#7 /Applications/MAMP/htdocs/liveApp/system/CodeIgniter.php(936): App\Controllers\User->profile('11')
#8 /Applications/MAMP/htdocs/liveApp/system/CodeIgniter.php(432): CodeIgniter\CodeIgniter->runController(Object(App\Controllers\User))
#9 /Applications/MAMP/htdocs/liveApp/system/CodeIgniter.php(333): CodeIgniter\CodeIgniter->handleRequest(NULL, Object(Config\Cache), false)
#10 /Applications/MAMP/htdocs/liveApp/index.php(44): CodeIgniter\CodeIgniter->run()
#11 {main}
CRITICAL - 2021-04-16 10:28:15 --> Not unique table/alias: 'profiles'
#0 /Applications/MAMP/htdocs/liveApp/system/Database/MySQLi/Connection.php(314): mysqli->query('SELECT *\nFROM `...')
#1 /Applications/MAMP/htdocs/liveApp/system/Database/BaseConnection.php(713): CodeIgniter\Database\MySQLi\Connection->execute('SELECT *\nFROM `...')
#2 /Applications/MAMP/htdocs/liveApp/system/Database/BaseConnection.php(641): CodeIgniter\Database\BaseConnection->simpleQuery('SELECT *\nFROM `...')
#3 /Applications/MAMP/htdocs/liveApp/system/Database/BaseBuilder.php(1866): CodeIgniter\Database\BaseConnection->query('SELECT *\nFROM `...', Array, false)
#4 /Applications/MAMP/htdocs/liveApp/system/Model.php(169): CodeIgniter\Database\BaseBuilder->get()
#5 /Applications/MAMP/htdocs/liveApp/system/BaseModel.php(518): CodeIgniter\Model->doFind(true, '11')
#6 /Applications/MAMP/htdocs/liveApp/app/Controllers/User.php(47): CodeIgniter\BaseModel->find('11')
#7 /Applications/MAMP/htdocs/liveApp/system/CodeIgniter.php(936): App\Controllers\User->profile('11')
#8 /Applications/MAMP/htdocs/liveApp/system/CodeIgniter.php(432): CodeIgniter\CodeIgniter->runController(Object(App\Controllers\User))
#9 /Applications/MAMP/htdocs/liveApp/system/CodeIgniter.php(333): CodeIgniter\CodeIgniter->handleRequest(NULL, Object(Config\Cache), false)
#10 /Applications/MAMP/htdocs/liveApp/index.php(44): CodeIgniter\CodeIgniter->run()
#11 {main}
CRITICAL - 2021-04-16 10:28:33 --> Undefined index: id
#0 /Applications/MAMP/htdocs/liveApp/app/Views/profile.php(81): CodeIgniter\Debug\Exceptions->errorHandler(8, 'Undefined index...', '/Applications/M...', 81, Array)
#1 /Applications/MAMP/htdocs/liveApp/system/View/View.php(220): include('/Applications/M...')
#2 /Applications/MAMP/htdocs/liveApp/system/View/View.php(222): CodeIgniter\View\View->CodeIgniter\View\{closure}()
#3 /Applications/MAMP/htdocs/liveApp/system/Common.php(1217): CodeIgniter\View\View->render('profile', Array, true)
#4 /Applications/MAMP/htdocs/liveApp/app/Controllers/User.php(52): view('profile', Array)
#5 /Applications/MAMP/htdocs/liveApp/system/CodeIgniter.php(936): App\Controllers\User->profile('11')
#6 /Applications/MAMP/htdocs/liveApp/system/CodeIgniter.php(432): CodeIgniter\CodeIgniter->runController(Object(App\Controllers\User))
#7 /Applications/MAMP/htdocs/liveApp/system/CodeIgniter.php(333): CodeIgniter\CodeIgniter->handleRequest(NULL, Object(Config\Cache), false)
#8 /Applications/MAMP/htdocs/liveApp/index.php(44): CodeIgniter\CodeIgniter->run()
#9 {main}
