CRITICAL - 2021-04-11 05:23:17 --> Call to undefined method CodeIgniter\Router\RouteCollection::get, post()
#0 /Applications/MAMP/htdocs/liveApp/app/Config/Routes.php(39): CodeIgniter\Router\RouteCollection->match(Array, 'contact', 'Page::contact')
#1 /Applications/MAMP/htdocs/liveApp/system/CodeIgniter.php(803): require('/Applications/M...')
#2 /Applications/MAMP/htdocs/liveApp/system/CodeIgniter.php(385): CodeIgniter\CodeIgniter->tryToRouteIt(Object(CodeIgniter\Router\RouteCollection))
#3 /Applications/MAMP/htdocs/liveApp/system/CodeIgniter.php(333): CodeIgniter\CodeIgniter->handleRequest(NULL, Object(Config\Cache), false)
#4 /Applications/MAMP/htdocs/liveApp/index.php(44): CodeIgniter\CodeIgniter->run()
#5 {main}
CRITICAL - 2021-04-11 06:19:46 --> require is not a valid rule.
#0 /Applications/MAMP/htdocs/liveApp/system/Validation/Validation.php(314): CodeIgniter\Validation\Exceptions\ValidationException::forRuleNotFound('require')
#1 /Applications/MAMP/htdocs/liveApp/system/Validation/Validation.php(164): CodeIgniter\Validation\Validation->processRules('email', 'email', '', Array, Array)
#2 /Applications/MAMP/htdocs/liveApp/system/Controller.php(181): CodeIgniter\Validation\Validation->run()
#3 /Applications/MAMP/htdocs/liveApp/app/Controllers/Page.php(16): CodeIgniter\Controller->validate(Array)
#4 /Applications/MAMP/htdocs/liveApp/system/CodeIgniter.php(936): App\Controllers\Page->contact()
#5 /Applications/MAMP/htdocs/liveApp/system/CodeIgniter.php(432): CodeIgniter\CodeIgniter->runController(Object(App\Controllers\Page))
#6 /Applications/MAMP/htdocs/liveApp/system/CodeIgniter.php(333): CodeIgniter\CodeIgniter->handleRequest(NULL, Object(Config\Cache), false)
#7 /Applications/MAMP/htdocs/liveApp/index.php(44): CodeIgniter\CodeIgniter->run()
#8 {main}
CRITICAL - 2021-04-11 06:21:21 --> email is not a valid rule.
#0 /Applications/MAMP/htdocs/liveApp/system/Validation/Validation.php(314): CodeIgniter\Validation\Exceptions\ValidationException::forRuleNotFound('email')
#1 /Applications/MAMP/htdocs/liveApp/system/Validation/Validation.php(164): CodeIgniter\Validation\Validation->processRules('email', 'email', 'saed.1389@gmail...', Array, Array)
#2 /Applications/MAMP/htdocs/liveApp/system/Controller.php(181): CodeIgniter\Validation\Validation->run()
#3 /Applications/MAMP/htdocs/liveApp/app/Controllers/Page.php(16): CodeIgniter\Controller->validate(Array)
#4 /Applications/MAMP/htdocs/liveApp/system/CodeIgniter.php(936): App\Controllers\Page->contact()
#5 /Applications/MAMP/htdocs/liveApp/system/CodeIgniter.php(432): CodeIgniter\CodeIgniter->runController(Object(App\Controllers\Page))
#6 /Applications/MAMP/htdocs/liveApp/system/CodeIgniter.php(333): CodeIgniter\CodeIgniter->handleRequest(NULL, Object(Config\Cache), false)
#7 /Applications/MAMP/htdocs/liveApp/index.php(44): CodeIgniter\CodeIgniter->run()
#8 {main}
CRITICAL - 2021-04-11 06:37:18 --> email is not a valid rule.
#0 /Applications/MAMP/htdocs/liveApp/system/Validation/Validation.php(314): CodeIgniter\Validation\Exceptions\ValidationException::forRuleNotFound('email')
#1 /Applications/MAMP/htdocs/liveApp/system/Validation/Validation.php(164): CodeIgniter\Validation\Validation->processRules('email', 'email', 'saed.1389@gmail...', Array, Array)
#2 /Applications/MAMP/htdocs/liveApp/system/Controller.php(181): CodeIgniter\Validation\Validation->run()
#3 /Applications/MAMP/htdocs/liveApp/app/Controllers/Page.php(16): CodeIgniter\Controller->validate(Array)
#4 /Applications/MAMP/htdocs/liveApp/system/CodeIgniter.php(936): App\Controllers\Page->contact()
#5 /Applications/MAMP/htdocs/liveApp/system/CodeIgniter.php(432): CodeIgniter\CodeIgniter->runController(Object(App\Controllers\Page))
#6 /Applications/MAMP/htdocs/liveApp/system/CodeIgniter.php(333): CodeIgniter\CodeIgniter->handleRequest(NULL, Object(Config\Cache), false)
#7 /Applications/MAMP/htdocs/liveApp/index.php(44): CodeIgniter\CodeIgniter->run()
#8 {main}
CRITICAL - 2021-04-11 06:39:44 --> min_length:70 is not a valid rule.
#0 /Applications/MAMP/htdocs/liveApp/system/Validation/Validation.php(314): CodeIgniter\Validation\Exceptions\ValidationException::forRuleNotFound('min_length:70')
#1 /Applications/MAMP/htdocs/liveApp/system/Validation/Validation.php(164): CodeIgniter\Validation\Validation->processRules('message', 'message', 'asd', Array, Array)
#2 /Applications/MAMP/htdocs/liveApp/system/Controller.php(181): CodeIgniter\Validation\Validation->run()
#3 /Applications/MAMP/htdocs/liveApp/app/Controllers/Page.php(16): CodeIgniter\Controller->validate(Array)
#4 /Applications/MAMP/htdocs/liveApp/system/CodeIgniter.php(936): App\Controllers\Page->contact()
#5 /Applications/MAMP/htdocs/liveApp/system/CodeIgniter.php(432): CodeIgniter\CodeIgniter->runController(Object(App\Controllers\Page))
#6 /Applications/MAMP/htdocs/liveApp/system/CodeIgniter.php(333): CodeIgniter\CodeIgniter->handleRequest(NULL, Object(Config\Cache), false)
#7 /Applications/MAMP/htdocs/liveApp/index.php(44): CodeIgniter\CodeIgniter->run()
#8 {main}
CRITICAL - 2021-04-11 07:38:26 --> syntax error, unexpected '?>'
#0 /Applications/MAMP/htdocs/liveApp/system/View/View.php(222): CodeIgniter\View\View->CodeIgniter\View\{closure}()
#1 /Applications/MAMP/htdocs/liveApp/system/Common.php(1217): CodeIgniter\View\View->render('contact', Array, true)
#2 /Applications/MAMP/htdocs/liveApp/app/Controllers/Page.php(36): view('contact', Array)
#3 /Applications/MAMP/htdocs/liveApp/system/CodeIgniter.php(936): App\Controllers\Page->contact()
#4 /Applications/MAMP/htdocs/liveApp/system/CodeIgniter.php(432): CodeIgniter\CodeIgniter->runController(Object(App\Controllers\Page))
#5 /Applications/MAMP/htdocs/liveApp/system/CodeIgniter.php(333): CodeIgniter\CodeIgniter->handleRequest(NULL, Object(Config\Cache), false)
#6 /Applications/MAMP/htdocs/liveApp/index.php(44): CodeIgniter\CodeIgniter->run()
#7 {main}
CRITICAL - 2021-04-11 08:02:06 --> Undefined variable: validator
#0 /Applications/MAMP/htdocs/liveApp/app/Controllers/Page.php(27): CodeIgniter\Debug\Exceptions->errorHandler(8, 'Undefined varia...', '/Applications/M...', 27, Array)
#1 /Applications/MAMP/htdocs/liveApp/system/CodeIgniter.php(936): App\Controllers\Page->contact()
#2 /Applications/MAMP/htdocs/liveApp/system/CodeIgniter.php(432): CodeIgniter\CodeIgniter->runController(Object(App\Controllers\Page))
#3 /Applications/MAMP/htdocs/liveApp/system/CodeIgniter.php(333): CodeIgniter\CodeIgniter->handleRequest(NULL, Object(Config\Cache), false)
#4 /Applications/MAMP/htdocs/liveApp/index.php(44): CodeIgniter\CodeIgniter->run()
#5 {main}
CRITICAL - 2021-04-11 08:03:43 --> Undefined variable: validator
#0 /Applications/MAMP/htdocs/liveApp/app/Controllers/Page.php(27): CodeIgniter\Debug\Exceptions->errorHandler(8, 'Undefined varia...', '/Applications/M...', 27, Array)
#1 /Applications/MAMP/htdocs/liveApp/system/CodeIgniter.php(936): App\Controllers\Page->contact()
#2 /Applications/MAMP/htdocs/liveApp/system/CodeIgniter.php(432): CodeIgniter\CodeIgniter->runController(Object(App\Controllers\Page))
#3 /Applications/MAMP/htdocs/liveApp/system/CodeIgniter.php(333): CodeIgniter\CodeIgniter->handleRequest(NULL, Object(Config\Cache), false)
#4 /Applications/MAMP/htdocs/liveApp/index.php(44): CodeIgniter\CodeIgniter->run()
#5 {main}
CRITICAL - 2021-04-11 08:04:10 --> Undefined variable: validator
#0 /Applications/MAMP/htdocs/liveApp/app/Controllers/Page.php(27): CodeIgniter\Debug\Exceptions->errorHandler(8, 'Undefined varia...', '/Applications/M...', 27, Array)
#1 /Applications/MAMP/htdocs/liveApp/system/CodeIgniter.php(936): App\Controllers\Page->contact()
#2 /Applications/MAMP/htdocs/liveApp/system/CodeIgniter.php(432): CodeIgniter\CodeIgniter->runController(Object(App\Controllers\Page))
#3 /Applications/MAMP/htdocs/liveApp/system/CodeIgniter.php(333): CodeIgniter\CodeIgniter->handleRequest(NULL, Object(Config\Cache), false)
#4 /Applications/MAMP/htdocs/liveApp/index.php(44): CodeIgniter\CodeIgniter->run()
#5 {main}
CRITICAL - 2021-04-11 08:17:20 --> Undefined variable: validator
#0 /Applications/MAMP/htdocs/liveApp/app/Controllers/Page.php(27): CodeIgniter\Debug\Exceptions->errorHandler(8, 'Undefined varia...', '/Applications/M...', 27, Array)
#1 /Applications/MAMP/htdocs/liveApp/system/CodeIgniter.php(936): App\Controllers\Page->contact()
#2 /Applications/MAMP/htdocs/liveApp/system/CodeIgniter.php(432): CodeIgniter\CodeIgniter->runController(Object(App\Controllers\Page))
#3 /Applications/MAMP/htdocs/liveApp/system/CodeIgniter.php(333): CodeIgniter\CodeIgniter->handleRequest(NULL, Object(Config\Cache), false)
#4 /Applications/MAMP/htdocs/liveApp/index.php(44): CodeIgniter\CodeIgniter->run()
#5 {main}
CRITICAL - 2021-04-11 08:18:13 --> Undefined variable: validator
#0 /Applications/MAMP/htdocs/liveApp/app/Controllers/Page.php(27): CodeIgniter\Debug\Exceptions->errorHandler(8, 'Undefined varia...', '/Applications/M...', 27, Array)
#1 /Applications/MAMP/htdocs/liveApp/system/CodeIgniter.php(936): App\Controllers\Page->contact()
#2 /Applications/MAMP/htdocs/liveApp/system/CodeIgniter.php(432): CodeIgniter\CodeIgniter->runController(Object(App\Controllers\Page))
#3 /Applications/MAMP/htdocs/liveApp/system/CodeIgniter.php(333): CodeIgniter\CodeIgniter->handleRequest(NULL, Object(Config\Cache), false)
#4 /Applications/MAMP/htdocs/liveApp/index.php(44): CodeIgniter\CodeIgniter->run()
#5 {main}
CRITICAL - 2021-04-11 08:19:44 --> Undefined variable: validator
#0 /Applications/MAMP/htdocs/liveApp/app/Controllers/Page.php(27): CodeIgniter\Debug\Exceptions->errorHandler(8, 'Undefined varia...', '/Applications/M...', 27, Array)
#1 /Applications/MAMP/htdocs/liveApp/system/CodeIgniter.php(936): App\Controllers\Page->contact()
#2 /Applications/MAMP/htdocs/liveApp/system/CodeIgniter.php(432): CodeIgniter\CodeIgniter->runController(Object(App\Controllers\Page))
#3 /Applications/MAMP/htdocs/liveApp/system/CodeIgniter.php(333): CodeIgniter\CodeIgniter->handleRequest(NULL, Object(Config\Cache), false)
#4 /Applications/MAMP/htdocs/liveApp/index.php(44): CodeIgniter\CodeIgniter->run()
#5 {main}
CRITICAL - 2021-04-11 08:22:23 --> Undefined variable: validator
#0 /Applications/MAMP/htdocs/liveApp/app/Controllers/Page.php(25): CodeIgniter\Debug\Exceptions->errorHandler(8, 'Undefined varia...', '/Applications/M...', 25, Array)
#1 /Applications/MAMP/htdocs/liveApp/system/CodeIgniter.php(936): App\Controllers\Page->contact()
#2 /Applications/MAMP/htdocs/liveApp/system/CodeIgniter.php(432): CodeIgniter\CodeIgniter->runController(Object(App\Controllers\Page))
#3 /Applications/MAMP/htdocs/liveApp/system/CodeIgniter.php(333): CodeIgniter\CodeIgniter->handleRequest(NULL, Object(Config\Cache), false)
#4 /Applications/MAMP/htdocs/liveApp/index.php(44): CodeIgniter\CodeIgniter->run()
#5 {main}
CRITICAL - 2021-04-11 08:22:46 --> syntax error, unexpected '=', expecting ']'
#0 /Applications/MAMP/htdocs/liveApp/system/Autoloader/Autoloader.php(265): CodeIgniter\Autoloader\Autoloader->includeFile('/Applications/M...')
#1 /Applications/MAMP/htdocs/liveApp/system/Autoloader/Autoloader.php(228): CodeIgniter\Autoloader\Autoloader->loadInNamespace('App\\Controllers...')
#2 [internal function]: CodeIgniter\Autoloader\Autoloader->loadClass('App\\Controllers...')
#3 [internal function]: spl_autoload_call('App\\Controllers...')
#4 /Applications/MAMP/htdocs/liveApp/system/CodeIgniter.php(893): class_exists('\\App\\Controller...', true)
#5 /Applications/MAMP/htdocs/liveApp/system/CodeIgniter.php(417): CodeIgniter\CodeIgniter->startController()
#6 /Applications/MAMP/htdocs/liveApp/system/CodeIgniter.php(333): CodeIgniter\CodeIgniter->handleRequest(NULL, Object(Config\Cache), false)
#7 /Applications/MAMP/htdocs/liveApp/index.php(44): CodeIgniter\CodeIgniter->run()
#8 {main}
CRITICAL - 2021-04-11 08:22:52 --> Undefined variable: validator
#0 /Applications/MAMP/htdocs/liveApp/app/Controllers/Page.php(25): CodeIgniter\Debug\Exceptions->errorHandler(8, 'Undefined varia...', '/Applications/M...', 25, Array)
#1 /Applications/MAMP/htdocs/liveApp/system/CodeIgniter.php(936): App\Controllers\Page->contact()
#2 /Applications/MAMP/htdocs/liveApp/system/CodeIgniter.php(432): CodeIgniter\CodeIgniter->runController(Object(App\Controllers\Page))
#3 /Applications/MAMP/htdocs/liveApp/system/CodeIgniter.php(333): CodeIgniter\CodeIgniter->handleRequest(NULL, Object(Config\Cache), false)
#4 /Applications/MAMP/htdocs/liveApp/index.php(44): CodeIgniter\CodeIgniter->run()
#5 {main}
CRITICAL - 2021-04-11 08:28:29 --> Undefined variable: validator
#0 /Applications/MAMP/htdocs/liveApp/app/Controllers/Page.php(37): CodeIgniter\Debug\Exceptions->errorHandler(8, 'Undefined varia...', '/Applications/M...', 37, Array)
#1 /Applications/MAMP/htdocs/liveApp/system/CodeIgniter.php(936): App\Controllers\Page->contact()
#2 /Applications/MAMP/htdocs/liveApp/system/CodeIgniter.php(432): CodeIgniter\CodeIgniter->runController(Object(App\Controllers\Page))
#3 /Applications/MAMP/htdocs/liveApp/system/CodeIgniter.php(333): CodeIgniter\CodeIgniter->handleRequest(NULL, Object(Config\Cache), false)
#4 /Applications/MAMP/htdocs/liveApp/index.php(44): CodeIgniter\CodeIgniter->run()
#5 {main}
CRITICAL - 2021-04-11 08:29:10 --> Call to a member function hasError() on string
#0 /Applications/MAMP/htdocs/liveApp/system/View/View.php(220): include()
#1 /Applications/MAMP/htdocs/liveApp/system/View/View.php(222): CodeIgniter\View\View->CodeIgniter\View\{closure}()
#2 /Applications/MAMP/htdocs/liveApp/system/Common.php(1217): CodeIgniter\View\View->render('contact', Array, true)
#3 /Applications/MAMP/htdocs/liveApp/app/Controllers/Page.php(47): view('contact', Array)
#4 /Applications/MAMP/htdocs/liveApp/system/CodeIgniter.php(936): App\Controllers\Page->contact()
#5 /Applications/MAMP/htdocs/liveApp/system/CodeIgniter.php(432): CodeIgniter\CodeIgniter->runController(Object(App\Controllers\Page))
#6 /Applications/MAMP/htdocs/liveApp/system/CodeIgniter.php(333): CodeIgniter\CodeIgniter->handleRequest(NULL, Object(Config\Cache), false)
#7 /Applications/MAMP/htdocs/liveApp/index.php(44): CodeIgniter\CodeIgniter->run()
#8 {main}
CRITICAL - 2021-04-11 08:30:54 --> Undefined variable: validator
#0 /Applications/MAMP/htdocs/liveApp/app/Controllers/Page.php(25): CodeIgniter\Debug\Exceptions->errorHandler(8, 'Undefined varia...', '/Applications/M...', 25, Array)
#1 /Applications/MAMP/htdocs/liveApp/system/CodeIgniter.php(936): App\Controllers\Page->contact()
#2 /Applications/MAMP/htdocs/liveApp/system/CodeIgniter.php(432): CodeIgniter\CodeIgniter->runController(Object(App\Controllers\Page))
#3 /Applications/MAMP/htdocs/liveApp/system/CodeIgniter.php(333): CodeIgniter\CodeIgniter->handleRequest(NULL, Object(Config\Cache), false)
#4 /Applications/MAMP/htdocs/liveApp/index.php(44): CodeIgniter\CodeIgniter->run()
#5 {main}
CRITICAL - 2021-04-11 08:31:20 --> Undefined variable: validator
#0 /Applications/MAMP/htdocs/liveApp/app/Controllers/Page.php(25): CodeIgniter\Debug\Exceptions->errorHandler(8, 'Undefined varia...', '/Applications/M...', 25, Array)
#1 /Applications/MAMP/htdocs/liveApp/system/CodeIgniter.php(936): App\Controllers\Page->contact()
#2 /Applications/MAMP/htdocs/liveApp/system/CodeIgniter.php(432): CodeIgniter\CodeIgniter->runController(Object(App\Controllers\Page))
#3 /Applications/MAMP/htdocs/liveApp/system/CodeIgniter.php(333): CodeIgniter\CodeIgniter->handleRequest(NULL, Object(Config\Cache), false)
#4 /Applications/MAMP/htdocs/liveApp/index.php(44): CodeIgniter\CodeIgniter->run()
#5 {main}
CRITICAL - 2021-04-11 09:02:47 --> Call to undefined method CodeIgniter\Email\Email::setForm()
#0 /Applications/MAMP/htdocs/liveApp/system/CodeIgniter.php(936): App\Controllers\Page->contact()
#1 /Applications/MAMP/htdocs/liveApp/system/CodeIgniter.php(432): CodeIgniter\CodeIgniter->runController(Object(App\Controllers\Page))
#2 /Applications/MAMP/htdocs/liveApp/system/CodeIgniter.php(333): CodeIgniter\CodeIgniter->handleRequest(NULL, Object(Config\Cache), false)
#3 /Applications/MAMP/htdocs/liveApp/index.php(44): CodeIgniter\CodeIgniter->run()
#4 {main}
CRITICAL - 2021-04-11 11:52:19 --> Undefined variable: validator
#0 /Applications/MAMP/htdocs/liveApp/app/Views/contact.php(17): CodeIgniter\Debug\Exceptions->errorHandler(8, 'Undefined varia...', '/Applications/M...', 17, Array)
#1 /Applications/MAMP/htdocs/liveApp/system/View/View.php(220): include('/Applications/M...')
#2 /Applications/MAMP/htdocs/liveApp/system/View/View.php(222): CodeIgniter\View\View->CodeIgniter\View\{closure}()
#3 /Applications/MAMP/htdocs/liveApp/system/Common.php(1217): CodeIgniter\View\View->render('contact', Array, true)
#4 /Applications/MAMP/htdocs/liveApp/app/Controllers/Page.php(43): view('contact', Array)
#5 /Applications/MAMP/htdocs/liveApp/system/CodeIgniter.php(936): App\Controllers\Page->contact()
#6 /Applications/MAMP/htdocs/liveApp/system/CodeIgniter.php(432): CodeIgniter\CodeIgniter->runController(Object(App\Controllers\Page))
#7 /Applications/MAMP/htdocs/liveApp/system/CodeIgniter.php(333): CodeIgniter\CodeIgniter->handleRequest(NULL, Object(Config\Cache), false)
#8 /Applications/MAMP/htdocs/liveApp/index.php(44): CodeIgniter\CodeIgniter->run()
#9 {main}
