CRITICAL - 2021-04-13 14:50:29 --> The framework needs the following extension(s) installed and loaded: {0}.
#0 /Applications/MAMP/htdocs/liveApp/system/CodeIgniter.php(224): CodeIgniter\Exceptions\FrameworkException::forMissingExtension('intl')
#1 /Applications/MAMP/htdocs/liveApp/system/CodeIgniter.php(172): CodeIgniter\CodeIgniter->resolvePlatformExtensions()
#2 /Applications/MAMP/htdocs/liveApp/system/bootstrap.php(159): CodeIgniter\CodeIgniter->initialize()
#3 /Applications/MAMP/htdocs/liveApp/spark(53): require('/Applications/M...')
#4 {main}
CRITICAL - 2021-04-13 14:53:02 --> The framework needs the following extension(s) installed and loaded: {0}.
#0 /Applications/MAMP/htdocs/liveApp/system/CodeIgniter.php(224): CodeIgniter\Exceptions\FrameworkException::forMissingExtension('intl')
#1 /Applications/MAMP/htdocs/liveApp/system/CodeIgniter.php(172): CodeIgniter\CodeIgniter->resolvePlatformExtensions()
#2 /Applications/MAMP/htdocs/liveApp/system/bootstrap.php(159): CodeIgniter\CodeIgniter->initialize()
#3 /Applications/MAMP/htdocs/liveApp/spark(53): require('/Applications/M...')
#4 {main}
CRITICAL - 2021-04-13 14:54:18 --> The framework needs the following extension(s) installed and loaded: {0}.
#0 /Applications/MAMP/htdocs/liveApp/system/CodeIgniter.php(224): CodeIgniter\Exceptions\FrameworkException::forMissingExtension('intl')
#1 /Applications/MAMP/htdocs/liveApp/system/CodeIgniter.php(172): CodeIgniter\CodeIgniter->resolvePlatformExtensions()
#2 /Applications/MAMP/htdocs/liveApp/system/bootstrap.php(159): CodeIgniter\CodeIgniter->initialize()
#3 /Applications/MAMP/htdocs/liveApp/spark(53): require('/Applications/M...')
#4 {main}
CRITICAL - 2021-04-13 14:56:25 --> The framework needs the following extension(s) installed and loaded: {0}.
#0 /Applications/MAMP/htdocs/liveApp/system/CodeIgniter.php(224): CodeIgniter\Exceptions\FrameworkException::forMissingExtension('intl')
#1 /Applications/MAMP/htdocs/liveApp/system/CodeIgniter.php(172): CodeIgniter\CodeIgniter->resolvePlatformExtensions()
#2 /Applications/MAMP/htdocs/liveApp/system/bootstrap.php(159): CodeIgniter\CodeIgniter->initialize()
#3 /Applications/MAMP/htdocs/liveApp/spark(53): require('/Applications/M...')
#4 {main}
CRITICAL - 2021-04-13 15:03:19 --> The framework needs the following extension(s) installed and loaded: {0}.
#0 /Applications/MAMP/htdocs/liveApp/system/CodeIgniter.php(224): CodeIgniter\Exceptions\FrameworkException::forMissingExtension('intl')
#1 /Applications/MAMP/htdocs/liveApp/system/CodeIgniter.php(172): CodeIgniter\CodeIgniter->resolvePlatformExtensions()
#2 /Applications/MAMP/htdocs/liveApp/system/bootstrap.php(159): CodeIgniter\CodeIgniter->initialize()
#3 /Applications/MAMP/htdocs/liveApp/spark(53): require('/Applications/M...')
#4 {main}
CRITICAL - 2021-04-13 15:05:13 --> The framework needs the following extension(s) installed and loaded: {0}.
#0 /Applications/MAMP/htdocs/liveApp/system/CodeIgniter.php(224): CodeIgniter\Exceptions\FrameworkException::forMissingExtension('intl')
#1 /Applications/MAMP/htdocs/liveApp/system/CodeIgniter.php(172): CodeIgniter\CodeIgniter->resolvePlatformExtensions()
#2 /Applications/MAMP/htdocs/liveApp/system/bootstrap.php(159): CodeIgniter\CodeIgniter->initialize()
#3 /Applications/MAMP/htdocs/liveApp/spark(53): require('/Applications/M...')
#4 {main}
CRITICAL - 2021-04-13 15:09:46 --> The framework needs the following extension(s) installed and loaded: {0}.
#0 /Applications/MAMP/htdocs/liveApp/system/CodeIgniter.php(224): CodeIgniter\Exceptions\FrameworkException::forMissingExtension('intl')
#1 /Applications/MAMP/htdocs/liveApp/system/CodeIgniter.php(172): CodeIgniter\CodeIgniter->resolvePlatformExtensions()
#2 /Applications/MAMP/htdocs/liveApp/system/bootstrap.php(159): CodeIgniter\CodeIgniter->initialize()
#3 /Applications/MAMP/htdocs/liveApp/spark(53): require('/Applications/M...')
#4 {main}
CRITICAL - 2021-04-13 15:11:47 --> The framework needs the following extension(s) installed and loaded: {0}.
#0 /Applications/MAMP/htdocs/liveApp/system/CodeIgniter.php(224): CodeIgniter\Exceptions\FrameworkException::forMissingExtension('intl')
#1 /Applications/MAMP/htdocs/liveApp/system/CodeIgniter.php(172): CodeIgniter\CodeIgniter->resolvePlatformExtensions()
#2 /Applications/MAMP/htdocs/liveApp/system/bootstrap.php(159): CodeIgniter\CodeIgniter->initialize()
#3 /Applications/MAMP/htdocs/liveApp/spark(53): require('/Applications/M...')
#4 {main}
CRITICAL - 2021-04-13 15:12:15 --> The framework needs the following extension(s) installed and loaded: {0}.
#0 /Applications/MAMP/htdocs/liveApp/system/CodeIgniter.php(224): CodeIgniter\Exceptions\FrameworkException::forMissingExtension('intl')
#1 /Applications/MAMP/htdocs/liveApp/system/CodeIgniter.php(172): CodeIgniter\CodeIgniter->resolvePlatformExtensions()
#2 /Applications/MAMP/htdocs/liveApp/system/bootstrap.php(159): CodeIgniter\CodeIgniter->initialize()
#3 /Applications/MAMP/htdocs/liveApp/spark(53): require('/Applications/M...')
#4 {main}
CRITICAL - 2021-04-13 15:12:27 --> The framework needs the following extension(s) installed and loaded: {0}.
#0 /Applications/MAMP/htdocs/liveApp/system/CodeIgniter.php(224): CodeIgniter\Exceptions\FrameworkException::forMissingExtension('intl')
#1 /Applications/MAMP/htdocs/liveApp/system/CodeIgniter.php(172): CodeIgniter\CodeIgniter->resolvePlatformExtensions()
#2 /Applications/MAMP/htdocs/liveApp/system/bootstrap.php(159): CodeIgniter\CodeIgniter->initialize()
#3 /Applications/MAMP/htdocs/liveApp/spark(53): require('/Applications/M...')
#4 {main}
CRITICAL - 2021-04-13 15:13:01 --> The framework needs the following extension(s) installed and loaded: {0}.
#0 /Applications/MAMP/htdocs/liveApp/system/CodeIgniter.php(224): CodeIgniter\Exceptions\FrameworkException::forMissingExtension('intl')
#1 /Applications/MAMP/htdocs/liveApp/system/CodeIgniter.php(172): CodeIgniter\CodeIgniter->resolvePlatformExtensions()
#2 /Applications/MAMP/htdocs/liveApp/system/bootstrap.php(159): CodeIgniter\CodeIgniter->initialize()
#3 /Applications/MAMP/htdocs/liveApp/spark(53): require('/Applications/M...')
#4 {main}
CRITICAL - 2021-04-13 15:13:33 --> The framework needs the following extension(s) installed and loaded: {0}.
#0 /Applications/MAMP/htdocs/liveApp/system/CodeIgniter.php(224): CodeIgniter\Exceptions\FrameworkException::forMissingExtension('intl')
#1 /Applications/MAMP/htdocs/liveApp/system/CodeIgniter.php(172): CodeIgniter\CodeIgniter->resolvePlatformExtensions()
#2 /Applications/MAMP/htdocs/liveApp/system/bootstrap.php(159): CodeIgniter\CodeIgniter->initialize()
#3 /Applications/MAMP/htdocs/liveApp/spark(53): require('/Applications/M...')
#4 {main}
CRITICAL - 2021-04-13 15:20:01 --> The framework needs the following extension(s) installed and loaded: {0}.
#0 /Applications/MAMP/htdocs/liveApp/system/CodeIgniter.php(224): CodeIgniter\Exceptions\FrameworkException::forMissingExtension('intl')
#1 /Applications/MAMP/htdocs/liveApp/system/CodeIgniter.php(172): CodeIgniter\CodeIgniter->resolvePlatformExtensions()
#2 /Applications/MAMP/htdocs/liveApp/system/bootstrap.php(159): CodeIgniter\CodeIgniter->initialize()
#3 /Applications/MAMP/htdocs/liveApp/spark(53): require('/Applications/M...')
#4 {main}
CRITICAL - 2021-04-13 15:23:14 --> The framework needs the following extension(s) installed and loaded: {0}.
#0 /Applications/MAMP/htdocs/liveApp/system/CodeIgniter.php(224): CodeIgniter\Exceptions\FrameworkException::forMissingExtension('intl')
#1 /Applications/MAMP/htdocs/liveApp/system/CodeIgniter.php(172): CodeIgniter\CodeIgniter->resolvePlatformExtensions()
#2 /Applications/MAMP/htdocs/liveApp/system/bootstrap.php(159): CodeIgniter\CodeIgniter->initialize()
#3 /Applications/MAMP/htdocs/liveApp/spark(53): require('/Applications/M...')
#4 {main}
CRITICAL - 2021-04-13 15:23:25 --> The framework needs the following extension(s) installed and loaded: {0}.
#0 /Applications/MAMP/htdocs/liveApp/system/CodeIgniter.php(224): CodeIgniter\Exceptions\FrameworkException::forMissingExtension('intl')
#1 /Applications/MAMP/htdocs/liveApp/system/CodeIgniter.php(172): CodeIgniter\CodeIgniter->resolvePlatformExtensions()
#2 /Applications/MAMP/htdocs/liveApp/system/bootstrap.php(159): CodeIgniter\CodeIgniter->initialize()
#3 /Applications/MAMP/htdocs/liveApp/spark(53): require('/Applications/M...')
#4 {main}
CRITICAL - 2021-04-13 15:30:35 --> The framework needs the following extension(s) installed and loaded: {0}.
#0 /Applications/MAMP/htdocs/liveApp/system/CodeIgniter.php(224): CodeIgniter\Exceptions\FrameworkException::forMissingExtension('intl')
#1 /Applications/MAMP/htdocs/liveApp/system/CodeIgniter.php(172): CodeIgniter\CodeIgniter->resolvePlatformExtensions()
#2 /Applications/MAMP/htdocs/liveApp/system/bootstrap.php(159): CodeIgniter\CodeIgniter->initialize()
#3 /Applications/MAMP/htdocs/liveApp/spark(53): require('/Applications/M...')
#4 {main}
CRITICAL - 2021-04-13 15:30:59 --> Call to undefined function CodeIgniter\locale_set_default()
#0 /Applications/MAMP/htdocs/liveApp/system/bootstrap.php(159): CodeIgniter\CodeIgniter->initialize()
#1 /Applications/MAMP/htdocs/liveApp/spark(53): require('/Applications/M...')
#2 {main}
CRITICAL - 2021-04-13 15:33:18 --> The framework needs the following extension(s) installed and loaded: {0}.
#0 /Applications/MAMP/htdocs/liveApp/system/CodeIgniter.php(224): CodeIgniter\Exceptions\FrameworkException::forMissingExtension('intl')
#1 /Applications/MAMP/htdocs/liveApp/system/CodeIgniter.php(172): CodeIgniter\CodeIgniter->resolvePlatformExtensions()
#2 /Applications/MAMP/htdocs/liveApp/system/bootstrap.php(159): CodeIgniter\CodeIgniter->initialize()
#3 /Applications/MAMP/htdocs/liveApp/spark(53): require('/Applications/M...')
#4 {main}
CRITICAL - 2021-04-13 15:34:36 --> The framework needs the following extension(s) installed and loaded: {0}.
#0 /Applications/MAMP/htdocs/liveApp/system/CodeIgniter.php(224): CodeIgniter\Exceptions\FrameworkException::forMissingExtension('intl')
#1 /Applications/MAMP/htdocs/liveApp/system/CodeIgniter.php(172): CodeIgniter\CodeIgniter->resolvePlatformExtensions()
#2 /Applications/MAMP/htdocs/liveApp/system/bootstrap.php(159): CodeIgniter\CodeIgniter->initialize()
#3 /Applications/MAMP/htdocs/liveApp/spark(53): require('/Applications/M...')
#4 {main}
CRITICAL - 2021-04-13 15:35:06 --> The framework needs the following extension(s) installed and loaded: {0}.
#0 /Applications/MAMP/htdocs/liveApp/system/CodeIgniter.php(224): CodeIgniter\Exceptions\FrameworkException::forMissingExtension('intl')
#1 /Applications/MAMP/htdocs/liveApp/system/CodeIgniter.php(172): CodeIgniter\CodeIgniter->resolvePlatformExtensions()
#2 /Applications/MAMP/htdocs/liveApp/system/bootstrap.php(159): CodeIgniter\CodeIgniter->initialize()
#3 /Applications/MAMP/htdocs/liveApp/spark(53): require('/Applications/M...')
#4 {main}
CRITICAL - 2021-04-13 15:35:11 --> The framework needs the following extension(s) installed and loaded: {0}.
#0 /Applications/MAMP/htdocs/liveApp/system/CodeIgniter.php(224): CodeIgniter\Exceptions\FrameworkException::forMissingExtension('intl')
#1 /Applications/MAMP/htdocs/liveApp/system/CodeIgniter.php(172): CodeIgniter\CodeIgniter->resolvePlatformExtensions()
#2 /Applications/MAMP/htdocs/liveApp/system/bootstrap.php(159): CodeIgniter\CodeIgniter->initialize()
#3 /Applications/MAMP/htdocs/liveApp/spark(53): require('/Applications/M...')
#4 {main}
CRITICAL - 2021-04-13 15:39:40 --> The framework needs the following extension(s) installed and loaded: {0}.
#0 /Applications/MAMP/htdocs/liveApp/system/CodeIgniter.php(224): CodeIgniter\Exceptions\FrameworkException::forMissingExtension('intl')
#1 /Applications/MAMP/htdocs/liveApp/system/CodeIgniter.php(172): CodeIgniter\CodeIgniter->resolvePlatformExtensions()
#2 /Applications/MAMP/htdocs/liveApp/system/bootstrap.php(159): CodeIgniter\CodeIgniter->initialize()
#3 /Applications/MAMP/htdocs/liveApp/spark(53): require('/Applications/M...')
#4 {main}
CRITICAL - 2021-04-13 12:31:02 --> Undefined variable: csrf_field
#0 /Applications/MAMP/htdocs/liveApp/app/Views/register.php(11): CodeIgniter\Debug\Exceptions->errorHandler(8, 'Undefined varia...', '/Applications/M...', 11, Array)
#1 /Applications/MAMP/htdocs/liveApp/system/View/View.php(220): include('/Applications/M...')
#2 /Applications/MAMP/htdocs/liveApp/system/View/View.php(222): CodeIgniter\View\View->CodeIgniter\View\{closure}()
#3 /Applications/MAMP/htdocs/liveApp/system/Common.php(1217): CodeIgniter\View\View->render('register', Array, true)
#4 /Applications/MAMP/htdocs/liveApp/app/Controllers/Page.php(47): view('register')
#5 /Applications/MAMP/htdocs/liveApp/system/CodeIgniter.php(936): App\Controllers\Page->register()
#6 /Applications/MAMP/htdocs/liveApp/system/CodeIgniter.php(432): CodeIgniter\CodeIgniter->runController(Object(App\Controllers\Page))
#7 /Applications/MAMP/htdocs/liveApp/system/CodeIgniter.php(333): CodeIgniter\CodeIgniter->handleRequest(NULL, Object(Config\Cache), false)
#8 /Applications/MAMP/htdocs/liveApp/index.php(44): CodeIgniter\CodeIgniter->run()
#9 {main}
CRITICAL - 2021-04-13 12:39:05 --> Call to undefined method App\Models\UserModel::insertID
#0 /Applications/MAMP/htdocs/liveApp/app/Controllers/User.php(27): CodeIgniter\Model->__call('insertID', Array)
#1 /Applications/MAMP/htdocs/liveApp/system/CodeIgniter.php(936): App\Controllers\User->create()
#2 /Applications/MAMP/htdocs/liveApp/system/CodeIgniter.php(432): CodeIgniter\CodeIgniter->runController(Object(App\Controllers\User))
#3 /Applications/MAMP/htdocs/liveApp/system/CodeIgniter.php(333): CodeIgniter\CodeIgniter->handleRequest(NULL, Object(Config\Cache), false)
#4 /Applications/MAMP/htdocs/liveApp/index.php(44): CodeIgniter\CodeIgniter->run()
#5 {main}
ERROR - 2021-04-13 12:47:14 --> mysqli_sql_exception: Unknown column 'created_at' in 'field list' in /Applications/MAMP/htdocs/liveApp/system/Database/MySQLi/Connection.php:314
Stack trace:
#0 /Applications/MAMP/htdocs/liveApp/system/Database/MySQLi/Connection.php(314): mysqli->query('INSERT INTO `pr...')
#1 /Applications/MAMP/htdocs/liveApp/system/Database/BaseConnection.php(713): CodeIgniter\Database\MySQLi\Connection->execute('INSERT INTO `pr...')
#2 /Applications/MAMP/htdocs/liveApp/system/Database/BaseConnection.php(641): CodeIgniter\Database\BaseConnection->simpleQuery('INSERT INTO `pr...')
#3 /Applications/MAMP/htdocs/liveApp/system/Database/BaseBuilder.php(2263): CodeIgniter\Database\BaseConnection->query('INSERT INTO `pr...', Array, false)
#4 /Applications/MAMP/htdocs/liveApp/system/Model.php(278): CodeIgniter\Database\BaseBuilder->insert()
#5 /Applications/MAMP/htdocs/liveApp/system/BaseModel.php(758): CodeIgniter\Model->doInsert(Array)
#6 /Applications/MAMP/htdocs/liveApp/system/Model.php(705): CodeIgniter\BaseModel->insert(Array, true)
#7 /Applications/MAMP/htdocs/liveApp/app/Controllers/User.php(30): CodeIgniter\Model->insert(Array)
#8 /Applications/MAMP/htdocs/liveApp/system/CodeIgniter.php(936): App\Controllers\User->create()
#9 /Applications/MAMP/htdocs/liveApp/system/CodeIgniter.php(432): CodeIgniter\CodeIgniter->runController(Object(App\Controllers\User))
#10 /Applications/MAMP/htdocs/liveApp/system/CodeIgniter.php(333): CodeIgniter\CodeIgniter->handleRequest(NULL, Object(Config\Cache), false)
#11 /Applications/MAMP/htdocs/liveApp/index.php(44): CodeIgniter\CodeIgniter->run()
#12 {main}
CRITICAL - 2021-04-13 12:47:14 --> Unknown column 'created_at' in 'field list'
#0 /Applications/MAMP/htdocs/liveApp/system/Database/MySQLi/Connection.php(314): mysqli->query('INSERT INTO `pr...')
#1 /Applications/MAMP/htdocs/liveApp/system/Database/BaseConnection.php(713): CodeIgniter\Database\MySQLi\Connection->execute('INSERT INTO `pr...')
#2 /Applications/MAMP/htdocs/liveApp/system/Database/BaseConnection.php(641): CodeIgniter\Database\BaseConnection->simpleQuery('INSERT INTO `pr...')
#3 /Applications/MAMP/htdocs/liveApp/system/Database/BaseBuilder.php(2263): CodeIgniter\Database\BaseConnection->query('INSERT INTO `pr...', Array, false)
#4 /Applications/MAMP/htdocs/liveApp/system/Model.php(278): CodeIgniter\Database\BaseBuilder->insert()
#5 /Applications/MAMP/htdocs/liveApp/system/BaseModel.php(758): CodeIgniter\Model->doInsert(Array)
#6 /Applications/MAMP/htdocs/liveApp/system/Model.php(705): CodeIgniter\BaseModel->insert(Array, true)
#7 /Applications/MAMP/htdocs/liveApp/app/Controllers/User.php(30): CodeIgniter\Model->insert(Array)
#8 /Applications/MAMP/htdocs/liveApp/system/CodeIgniter.php(936): App\Controllers\User->create()
#9 /Applications/MAMP/htdocs/liveApp/system/CodeIgniter.php(432): CodeIgniter\CodeIgniter->runController(Object(App\Controllers\User))
#10 /Applications/MAMP/htdocs/liveApp/system/CodeIgniter.php(333): CodeIgniter\CodeIgniter->handleRequest(NULL, Object(Config\Cache), false)
#11 /Applications/MAMP/htdocs/liveApp/index.php(44): CodeIgniter\CodeIgniter->run()
#12 {main}
ERROR - 2021-04-13 12:48:26 --> mysqli_sql_exception: Unknown column 'created_at' in 'field list' in /Applications/MAMP/htdocs/liveApp/system/Database/MySQLi/Connection.php:314
Stack trace:
#0 /Applications/MAMP/htdocs/liveApp/system/Database/MySQLi/Connection.php(314): mysqli->query('INSERT INTO `pr...')
#1 /Applications/MAMP/htdocs/liveApp/system/Database/BaseConnection.php(713): CodeIgniter\Database\MySQLi\Connection->execute('INSERT INTO `pr...')
#2 /Applications/MAMP/htdocs/liveApp/system/Database/BaseConnection.php(641): CodeIgniter\Database\BaseConnection->simpleQuery('INSERT INTO `pr...')
#3 /Applications/MAMP/htdocs/liveApp/system/Database/BaseBuilder.php(2263): CodeIgniter\Database\BaseConnection->query('INSERT INTO `pr...', Array, false)
#4 /Applications/MAMP/htdocs/liveApp/system/Model.php(278): CodeIgniter\Database\BaseBuilder->insert()
#5 /Applications/MAMP/htdocs/liveApp/system/BaseModel.php(758): CodeIgniter\Model->doInsert(Array)
#6 /Applications/MAMP/htdocs/liveApp/system/Model.php(705): CodeIgniter\BaseModel->insert(Array, true)
#7 /Applications/MAMP/htdocs/liveApp/app/Controllers/User.php(30): CodeIgniter\Model->insert(Array)
#8 /Applications/MAMP/htdocs/liveApp/system/CodeIgniter.php(936): App\Controllers\User->create()
#9 /Applications/MAMP/htdocs/liveApp/system/CodeIgniter.php(432): CodeIgniter\CodeIgniter->runController(Object(App\Controllers\User))
#10 /Applications/MAMP/htdocs/liveApp/system/CodeIgniter.php(333): CodeIgniter\CodeIgniter->handleRequest(NULL, Object(Config\Cache), false)
#11 /Applications/MAMP/htdocs/liveApp/index.php(44): CodeIgniter\CodeIgniter->run()
#12 {main}
CRITICAL - 2021-04-13 12:48:26 --> Unknown column 'created_at' in 'field list'
#0 /Applications/MAMP/htdocs/liveApp/system/Database/MySQLi/Connection.php(314): mysqli->query('INSERT INTO `pr...')
#1 /Applications/MAMP/htdocs/liveApp/system/Database/BaseConnection.php(713): CodeIgniter\Database\MySQLi\Connection->execute('INSERT INTO `pr...')
#2 /Applications/MAMP/htdocs/liveApp/system/Database/BaseConnection.php(641): CodeIgniter\Database\BaseConnection->simpleQuery('INSERT INTO `pr...')
#3 /Applications/MAMP/htdocs/liveApp/system/Database/BaseBuilder.php(2263): CodeIgniter\Database\BaseConnection->query('INSERT INTO `pr...', Array, false)
#4 /Applications/MAMP/htdocs/liveApp/system/Model.php(278): CodeIgniter\Database\BaseBuilder->insert()
#5 /Applications/MAMP/htdocs/liveApp/system/BaseModel.php(758): CodeIgniter\Model->doInsert(Array)
#6 /Applications/MAMP/htdocs/liveApp/system/Model.php(705): CodeIgniter\BaseModel->insert(Array, true)
#7 /Applications/MAMP/htdocs/liveApp/app/Controllers/User.php(30): CodeIgniter\Model->insert(Array)
#8 /Applications/MAMP/htdocs/liveApp/system/CodeIgniter.php(936): App\Controllers\User->create()
#9 /Applications/MAMP/htdocs/liveApp/system/CodeIgniter.php(432): CodeIgniter\CodeIgniter->runController(Object(App\Controllers\User))
#10 /Applications/MAMP/htdocs/liveApp/system/CodeIgniter.php(333): CodeIgniter\CodeIgniter->handleRequest(NULL, Object(Config\Cache), false)
#11 /Applications/MAMP/htdocs/liveApp/index.php(44): CodeIgniter\CodeIgniter->run()
#12 {main}
ERROR - 2021-04-13 12:50:24 --> mysqli_sql_exception: Unknown column 'created_at' in 'field list' in /Applications/MAMP/htdocs/liveApp/system/Database/MySQLi/Connection.php:314
Stack trace:
#0 /Applications/MAMP/htdocs/liveApp/system/Database/MySQLi/Connection.php(314): mysqli->query('INSERT INTO `pr...')
#1 /Applications/MAMP/htdocs/liveApp/system/Database/BaseConnection.php(713): CodeIgniter\Database\MySQLi\Connection->execute('INSERT INTO `pr...')
#2 /Applications/MAMP/htdocs/liveApp/system/Database/BaseConnection.php(641): CodeIgniter\Database\BaseConnection->simpleQuery('INSERT INTO `pr...')
#3 /Applications/MAMP/htdocs/liveApp/system/Database/BaseBuilder.php(2263): CodeIgniter\Database\BaseConnection->query('INSERT INTO `pr...', Array, false)
#4 /Applications/MAMP/htdocs/liveApp/system/Model.php(278): CodeIgniter\Database\BaseBuilder->insert()
#5 /Applications/MAMP/htdocs/liveApp/system/BaseModel.php(758): CodeIgniter\Model->doInsert(Array)
#6 /Applications/MAMP/htdocs/liveApp/system/Model.php(705): CodeIgniter\BaseModel->insert(Array, true)
#7 /Applications/MAMP/htdocs/liveApp/app/Controllers/User.php(30): CodeIgniter\Model->insert(Array)
#8 /Applications/MAMP/htdocs/liveApp/system/CodeIgniter.php(936): App\Controllers\User->create()
#9 /Applications/MAMP/htdocs/liveApp/system/CodeIgniter.php(432): CodeIgniter\CodeIgniter->runController(Object(App\Controllers\User))
#10 /Applications/MAMP/htdocs/liveApp/system/CodeIgniter.php(333): CodeIgniter\CodeIgniter->handleRequest(NULL, Object(Config\Cache), false)
#11 /Applications/MAMP/htdocs/liveApp/index.php(44): CodeIgniter\CodeIgniter->run()
#12 {main}
CRITICAL - 2021-04-13 12:50:24 --> Unknown column 'created_at' in 'field list'
#0 /Applications/MAMP/htdocs/liveApp/system/Database/MySQLi/Connection.php(314): mysqli->query('INSERT INTO `pr...')
#1 /Applications/MAMP/htdocs/liveApp/system/Database/BaseConnection.php(713): CodeIgniter\Database\MySQLi\Connection->execute('INSERT INTO `pr...')
#2 /Applications/MAMP/htdocs/liveApp/system/Database/BaseConnection.php(641): CodeIgniter\Database\BaseConnection->simpleQuery('INSERT INTO `pr...')
#3 /Applications/MAMP/htdocs/liveApp/system/Database/BaseBuilder.php(2263): CodeIgniter\Database\BaseConnection->query('INSERT INTO `pr...', Array, false)
#4 /Applications/MAMP/htdocs/liveApp/system/Model.php(278): CodeIgniter\Database\BaseBuilder->insert()
#5 /Applications/MAMP/htdocs/liveApp/system/BaseModel.php(758): CodeIgniter\Model->doInsert(Array)
#6 /Applications/MAMP/htdocs/liveApp/system/Model.php(705): CodeIgniter\BaseModel->insert(Array, true)
#7 /Applications/MAMP/htdocs/liveApp/app/Controllers/User.php(30): CodeIgniter\Model->insert(Array)
#8 /Applications/MAMP/htdocs/liveApp/system/CodeIgniter.php(936): App\Controllers\User->create()
#9 /Applications/MAMP/htdocs/liveApp/system/CodeIgniter.php(432): CodeIgniter\CodeIgniter->runController(Object(App\Controllers\User))
#10 /Applications/MAMP/htdocs/liveApp/system/CodeIgniter.php(333): CodeIgniter\CodeIgniter->handleRequest(NULL, Object(Config\Cache), false)
#11 /Applications/MAMP/htdocs/liveApp/index.php(44): CodeIgniter\CodeIgniter->run()
#12 {main}
ERROR - 2021-04-13 12:54:13 --> mysqli_sql_exception: Unknown column 'created_at' in 'field list' in /Applications/MAMP/htdocs/liveApp/system/Database/MySQLi/Connection.php:314
Stack trace:
#0 /Applications/MAMP/htdocs/liveApp/system/Database/MySQLi/Connection.php(314): mysqli->query('INSERT INTO `pr...')
#1 /Applications/MAMP/htdocs/liveApp/system/Database/BaseConnection.php(713): CodeIgniter\Database\MySQLi\Connection->execute('INSERT INTO `pr...')
#2 /Applications/MAMP/htdocs/liveApp/system/Database/BaseConnection.php(641): CodeIgniter\Database\BaseConnection->simpleQuery('INSERT INTO `pr...')
#3 /Applications/MAMP/htdocs/liveApp/system/Database/BaseBuilder.php(2263): CodeIgniter\Database\BaseConnection->query('INSERT INTO `pr...', Array, false)
#4 /Applications/MAMP/htdocs/liveApp/system/Model.php(278): CodeIgniter\Database\BaseBuilder->insert()
#5 /Applications/MAMP/htdocs/liveApp/system/BaseModel.php(758): CodeIgniter\Model->doInsert(Array)
#6 /Applications/MAMP/htdocs/liveApp/system/Model.php(705): CodeIgniter\BaseModel->insert(Array, true)
#7 /Applications/MAMP/htdocs/liveApp/app/Controllers/User.php(30): CodeIgniter\Model->insert(Array)
#8 /Applications/MAMP/htdocs/liveApp/system/CodeIgniter.php(936): App\Controllers\User->create()
#9 /Applications/MAMP/htdocs/liveApp/system/CodeIgniter.php(432): CodeIgniter\CodeIgniter->runController(Object(App\Controllers\User))
#10 /Applications/MAMP/htdocs/liveApp/system/CodeIgniter.php(333): CodeIgniter\CodeIgniter->handleRequest(NULL, Object(Config\Cache), false)
#11 /Applications/MAMP/htdocs/liveApp/index.php(44): CodeIgniter\CodeIgniter->run()
#12 {main}
CRITICAL - 2021-04-13 12:54:13 --> Unknown column 'created_at' in 'field list'
#0 /Applications/MAMP/htdocs/liveApp/system/Database/MySQLi/Connection.php(314): mysqli->query('INSERT INTO `pr...')
#1 /Applications/MAMP/htdocs/liveApp/system/Database/BaseConnection.php(713): CodeIgniter\Database\MySQLi\Connection->execute('INSERT INTO `pr...')
#2 /Applications/MAMP/htdocs/liveApp/system/Database/BaseConnection.php(641): CodeIgniter\Database\BaseConnection->simpleQuery('INSERT INTO `pr...')
#3 /Applications/MAMP/htdocs/liveApp/system/Database/BaseBuilder.php(2263): CodeIgniter\Database\BaseConnection->query('INSERT INTO `pr...', Array, false)
#4 /Applications/MAMP/htdocs/liveApp/system/Model.php(278): CodeIgniter\Database\BaseBuilder->insert()
#5 /Applications/MAMP/htdocs/liveApp/system/BaseModel.php(758): CodeIgniter\Model->doInsert(Array)
#6 /Applications/MAMP/htdocs/liveApp/system/Model.php(705): CodeIgniter\BaseModel->insert(Array, true)
#7 /Applications/MAMP/htdocs/liveApp/app/Controllers/User.php(30): CodeIgniter\Model->insert(Array)
#8 /Applications/MAMP/htdocs/liveApp/system/CodeIgniter.php(936): App\Controllers\User->create()
#9 /Applications/MAMP/htdocs/liveApp/system/CodeIgniter.php(432): CodeIgniter\CodeIgniter->runController(Object(App\Controllers\User))
#10 /Applications/MAMP/htdocs/liveApp/system/CodeIgniter.php(333): CodeIgniter\CodeIgniter->handleRequest(NULL, Object(Config\Cache), false)
#11 /Applications/MAMP/htdocs/liveApp/index.php(44): CodeIgniter\CodeIgniter->run()
#12 {main}
CRITICAL - 2021-04-13 13:25:36 --> Call to undefined method App\Models\UserModel::insertID
#0 /Applications/MAMP/htdocs/liveApp/app/Controllers/User.php(27): CodeIgniter\Model->__call('insertID', Array)
#1 /Applications/MAMP/htdocs/liveApp/system/CodeIgniter.php(936): App\Controllers\User->create()
#2 /Applications/MAMP/htdocs/liveApp/system/CodeIgniter.php(432): CodeIgniter\CodeIgniter->runController(Object(App\Controllers\User))
#3 /Applications/MAMP/htdocs/liveApp/system/CodeIgniter.php(333): CodeIgniter\CodeIgniter->handleRequest(NULL, Object(Config\Cache), false)
#4 /Applications/MAMP/htdocs/liveApp/index.php(44): CodeIgniter\CodeIgniter->run()
#5 {main}
