CRITICAL - 2021-04-26 20:53:59 --> Undefined property: CodeIgniter\View\View::$input
#0 /Applications/MAMP/htdocs/liveApp/app/Views/home.php(3): CodeIgniter\Debug\Exceptions->errorHandler(8, 'Undefined prope...', '/Applications/M...', 3, Array)
#1 /Applications/MAMP/htdocs/liveApp/system/View/View.php(220): include('/Applications/M...')
#2 /Applications/MAMP/htdocs/liveApp/system/View/View.php(222): CodeIgniter\View\View->CodeIgniter\View\{closure}()
#3 /Applications/MAMP/htdocs/liveApp/system/Common.php(1217): CodeIgniter\View\View->render('home', Array, true)
#4 /Applications/MAMP/htdocs/liveApp/app/Controllers/Home.php(9): view('home')
#5 /Applications/MAMP/htdocs/liveApp/system/CodeIgniter.php(936): App\Controllers\Home->index()
#6 /Applications/MAMP/htdocs/liveApp/system/CodeIgniter.php(432): CodeIgniter\CodeIgniter->runController(Object(App\Controllers\Home))
#7 /Applications/MAMP/htdocs/liveApp/system/CodeIgniter.php(333): CodeIgniter\CodeIgniter->handleRequest(NULL, Object(Config\Cache), false)
#8 /Applications/MAMP/htdocs/liveApp/index.php(44): CodeIgniter\CodeIgniter->run()
#9 {main}
CRITICAL - 2021-04-26 20:54:21 --> Undefined property: CodeIgniter\View\View::$input
#0 /Applications/MAMP/htdocs/liveApp/app/Views/home.php(3): CodeIgniter\Debug\Exceptions->errorHandler(8, 'Undefined prope...', '/Applications/M...', 3, Array)
#1 /Applications/MAMP/htdocs/liveApp/system/View/View.php(220): include('/Applications/M...')
#2 /Applications/MAMP/htdocs/liveApp/system/View/View.php(222): CodeIgniter\View\View->CodeIgniter\View\{closure}()
#3 /Applications/MAMP/htdocs/liveApp/system/Common.php(1217): CodeIgniter\View\View->render('home', Array, true)
#4 /Applications/MAMP/htdocs/liveApp/app/Controllers/Home.php(9): view('home')
#5 /Applications/MAMP/htdocs/liveApp/system/CodeIgniter.php(936): App\Controllers\Home->index()
#6 /Applications/MAMP/htdocs/liveApp/system/CodeIgniter.php(432): CodeIgniter\CodeIgniter->runController(Object(App\Controllers\Home))
#7 /Applications/MAMP/htdocs/liveApp/system/CodeIgniter.php(333): CodeIgniter\CodeIgniter->handleRequest(NULL, Object(Config\Cache), false)
#8 /Applications/MAMP/htdocs/liveApp/index.php(44): CodeIgniter\CodeIgniter->run()
#9 {main}
CRITICAL - 2021-04-26 21:05:03 --> Undefined property: CodeIgniter\View\View::$input
#0 /Applications/MAMP/htdocs/liveApp/app/Views/home.php(3): CodeIgniter\Debug\Exceptions->errorHandler(8, 'Undefined prope...', '/Applications/M...', 3, Array)
#1 /Applications/MAMP/htdocs/liveApp/system/View/View.php(220): include('/Applications/M...')
#2 /Applications/MAMP/htdocs/liveApp/system/View/View.php(222): CodeIgniter\View\View->CodeIgniter\View\{closure}()
#3 /Applications/MAMP/htdocs/liveApp/system/Common.php(1217): CodeIgniter\View\View->render('home', Array, true)
#4 /Applications/MAMP/htdocs/liveApp/app/Controllers/Home.php(9): view('home')
#5 /Applications/MAMP/htdocs/liveApp/system/CodeIgniter.php(936): App\Controllers\Home->index()
#6 /Applications/MAMP/htdocs/liveApp/system/CodeIgniter.php(432): CodeIgniter\CodeIgniter->runController(Object(App\Controllers\Home))
#7 /Applications/MAMP/htdocs/liveApp/system/CodeIgniter.php(333): CodeIgniter\CodeIgniter->handleRequest(NULL, Object(Config\Cache), false)
#8 /Applications/MAMP/htdocs/liveApp/index.php(44): CodeIgniter\CodeIgniter->run()
#9 {main}
CRITICAL - 2021-04-26 21:05:26 --> Call to undefined method CodeIgniter\View\View::session()
#0 /Applications/MAMP/htdocs/liveApp/system/View/View.php(220): include()
#1 /Applications/MAMP/htdocs/liveApp/system/View/View.php(222): CodeIgniter\View\View->CodeIgniter\View\{closure}()
#2 /Applications/MAMP/htdocs/liveApp/system/Common.php(1217): CodeIgniter\View\View->render('home', Array, true)
#3 /Applications/MAMP/htdocs/liveApp/app/Controllers/Home.php(9): view('home')
#4 /Applications/MAMP/htdocs/liveApp/system/CodeIgniter.php(936): App\Controllers\Home->index()
#5 /Applications/MAMP/htdocs/liveApp/system/CodeIgniter.php(432): CodeIgniter\CodeIgniter->runController(Object(App\Controllers\Home))
#6 /Applications/MAMP/htdocs/liveApp/system/CodeIgniter.php(333): CodeIgniter\CodeIgniter->handleRequest(NULL, Object(Config\Cache), false)
#7 /Applications/MAMP/htdocs/liveApp/index.php(44): CodeIgniter\CodeIgniter->run()
#8 {main}
CRITICAL - 2021-04-26 21:07:16 --> Call to undefined method CodeIgniter\View\View::session()
#0 /Applications/MAMP/htdocs/liveApp/system/View/View.php(220): include()
#1 /Applications/MAMP/htdocs/liveApp/system/View/View.php(222): CodeIgniter\View\View->CodeIgniter\View\{closure}()
#2 /Applications/MAMP/htdocs/liveApp/system/Common.php(1217): CodeIgniter\View\View->render('home', Array, true)
#3 /Applications/MAMP/htdocs/liveApp/app/Controllers/Home.php(9): view('home')
#4 /Applications/MAMP/htdocs/liveApp/system/CodeIgniter.php(936): App\Controllers\Home->index()
#5 /Applications/MAMP/htdocs/liveApp/system/CodeIgniter.php(432): CodeIgniter\CodeIgniter->runController(Object(App\Controllers\Home))
#6 /Applications/MAMP/htdocs/liveApp/system/CodeIgniter.php(333): CodeIgniter\CodeIgniter->handleRequest(NULL, Object(Config\Cache), false)
#7 /Applications/MAMP/htdocs/liveApp/index.php(44): CodeIgniter\CodeIgniter->run()
#8 {main}
CRITICAL - 2021-04-26 22:13:22 --> Call to undefined method CodeIgniter\View\View::includes()
#0 /Applications/MAMP/htdocs/liveApp/system/View/View.php(220): include()
#1 /Applications/MAMP/htdocs/liveApp/system/View/View.php(222): CodeIgniter\View\View->CodeIgniter\View\{closure}()
#2 /Applications/MAMP/htdocs/liveApp/system/Common.php(1217): CodeIgniter\View\View->render('about', Array, true)
#3 /Applications/MAMP/htdocs/liveApp/app/Controllers/Page.php(9): view('about')
#4 /Applications/MAMP/htdocs/liveApp/system/CodeIgniter.php(936): App\Controllers\Page->about()
#5 /Applications/MAMP/htdocs/liveApp/system/CodeIgniter.php(432): CodeIgniter\CodeIgniter->runController(Object(App\Controllers\Page))
#6 /Applications/MAMP/htdocs/liveApp/system/CodeIgniter.php(333): CodeIgniter\CodeIgniter->handleRequest(NULL, Object(Config\Cache), false)
#7 /Applications/MAMP/htdocs/liveApp/index.php(44): CodeIgniter\CodeIgniter->run()
#8 {main}
CRITICAL - 2021-04-26 22:16:20 --> Invalid file: common/tobBar.php
#0 /Applications/MAMP/htdocs/liveApp/system/View/View.php(203): CodeIgniter\Exceptions\FrameworkException::forInvalidFile('common/tobBar.p...')
#1 /Applications/MAMP/htdocs/liveApp/system/View/View.php(468): CodeIgniter\View\View->render('common/tobBar', NULL, true)
#2 /Applications/MAMP/htdocs/liveApp/app/Views/about.php(29): CodeIgniter\View\View->include('common/tobBar')
#3 /Applications/MAMP/htdocs/liveApp/system/View/View.php(220): include('/Applications/M...')
#4 /Applications/MAMP/htdocs/liveApp/system/View/View.php(222): CodeIgniter\View\View->CodeIgniter\View\{closure}()
#5 /Applications/MAMP/htdocs/liveApp/system/Common.php(1217): CodeIgniter\View\View->render('about', Array, true)
#6 /Applications/MAMP/htdocs/liveApp/app/Controllers/Page.php(9): view('about')
#7 /Applications/MAMP/htdocs/liveApp/system/CodeIgniter.php(936): App\Controllers\Page->about()
#8 /Applications/MAMP/htdocs/liveApp/system/CodeIgniter.php(432): CodeIgniter\CodeIgniter->runController(Object(App\Controllers\Page))
#9 /Applications/MAMP/htdocs/liveApp/system/CodeIgniter.php(333): CodeIgniter\CodeIgniter->handleRequest(NULL, Object(Config\Cache), false)
#10 /Applications/MAMP/htdocs/liveApp/index.php(44): CodeIgniter\CodeIgniter->run()
#11 {main}
