CRITICAL - 2021-04-10 10:06:33 --> Class 'App\Model\UserModel' not found
#0 /Applications/MAMP/htdocs/liveApp/system/CodeIgniter.php(936): App\Controllers\Home->index()
#1 /Applications/MAMP/htdocs/liveApp/system/CodeIgniter.php(432): CodeIgniter\CodeIgniter->runController(Object(App\Controllers\Home))
#2 /Applications/MAMP/htdocs/liveApp/system/CodeIgniter.php(333): CodeIgniter\CodeIgniter->handleRequest(NULL, Object(Config\Cache), false)
#3 /Applications/MAMP/htdocs/liveApp/index.php(44): CodeIgniter\CodeIgniter->run()
#4 {main}
CRITICAL - 2021-04-10 10:07:28 --> Class 'App\Model\UserModel' not found
#0 /Applications/MAMP/htdocs/liveApp/system/CodeIgniter.php(936): App\Controllers\Home->index()
#1 /Applications/MAMP/htdocs/liveApp/system/CodeIgniter.php(432): CodeIgniter\CodeIgniter->runController(Object(App\Controllers\Home))
#2 /Applications/MAMP/htdocs/liveApp/system/CodeIgniter.php(333): CodeIgniter\CodeIgniter->handleRequest(NULL, Object(Config\Cache), false)
#3 /Applications/MAMP/htdocs/liveApp/index.php(44): CodeIgniter\CodeIgniter->run()
#4 {main}
CRITICAL - 2021-04-10 10:15:32 --> Class 'App\Model\UserModel' not found
#0 /Applications/MAMP/htdocs/liveApp/system/CodeIgniter.php(936): App\Controllers\Home->index()
#1 /Applications/MAMP/htdocs/liveApp/system/CodeIgniter.php(432): CodeIgniter\CodeIgniter->runController(Object(App\Controllers\Home))
#2 /Applications/MAMP/htdocs/liveApp/system/CodeIgniter.php(333): CodeIgniter\CodeIgniter->handleRequest(NULL, Object(Config\Cache), false)
#3 /Applications/MAMP/htdocs/liveApp/index.php(44): CodeIgniter\CodeIgniter->run()
#4 {main}
CRITICAL - 2021-04-10 10:16:40 --> Class 'App\Model\UserModel\BaseController' not found
#0 /Applications/MAMP/htdocs/liveApp/system/Autoloader/Autoloader.php(294): include_once()
#1 /Applications/MAMP/htdocs/liveApp/system/Autoloader/Autoloader.php(265): CodeIgniter\Autoloader\Autoloader->includeFile('/Applications/M...')
#2 /Applications/MAMP/htdocs/liveApp/system/Autoloader/Autoloader.php(228): CodeIgniter\Autoloader\Autoloader->loadInNamespace('App\\Controllers...')
#3 [internal function]: CodeIgniter\Autoloader\Autoloader->loadClass('App\\Controllers...')
#4 [internal function]: spl_autoload_call('App\\Controllers...')
#5 /Applications/MAMP/htdocs/liveApp/system/CodeIgniter.php(893): class_exists('\\App\\Controller...', true)
#6 /Applications/MAMP/htdocs/liveApp/system/CodeIgniter.php(417): CodeIgniter\CodeIgniter->startController()
#7 /Applications/MAMP/htdocs/liveApp/system/CodeIgniter.php(333): CodeIgniter\CodeIgniter->handleRequest(NULL, Object(Config\Cache), false)
#8 /Applications/MAMP/htdocs/liveApp/index.php(44): CodeIgniter\CodeIgniter->run()
#9 {main}
CRITICAL - 2021-04-10 10:17:13 --> Class 'App\Model\UserModel' not found
#0 /Applications/MAMP/htdocs/liveApp/system/CodeIgniter.php(936): App\Controllers\Home->index()
#1 /Applications/MAMP/htdocs/liveApp/system/CodeIgniter.php(432): CodeIgniter\CodeIgniter->runController(Object(App\Controllers\Home))
#2 /Applications/MAMP/htdocs/liveApp/system/CodeIgniter.php(333): CodeIgniter\CodeIgniter->handleRequest(NULL, Object(Config\Cache), false)
#3 /Applications/MAMP/htdocs/liveApp/index.php(44): CodeIgniter\CodeIgniter->run()
#4 {main}
CRITICAL - 2021-04-10 10:17:59 --> Class 'App\Model\UserModel' not found
#0 /Applications/MAMP/htdocs/liveApp/system/CodeIgniter.php(936): App\Controllers\Home->index()
#1 /Applications/MAMP/htdocs/liveApp/system/CodeIgniter.php(432): CodeIgniter\CodeIgniter->runController(Object(App\Controllers\Home))
#2 /Applications/MAMP/htdocs/liveApp/system/CodeIgniter.php(333): CodeIgniter\CodeIgniter->handleRequest(NULL, Object(Config\Cache), false)
#3 /Applications/MAMP/htdocs/liveApp/index.php(44): CodeIgniter\CodeIgniter->run()
#4 {main}
CRITICAL - 2021-04-10 10:18:01 --> Class 'App\Model\UserModel' not found
#0 /Applications/MAMP/htdocs/liveApp/system/CodeIgniter.php(936): App\Controllers\Home->index()
#1 /Applications/MAMP/htdocs/liveApp/system/CodeIgniter.php(432): CodeIgniter\CodeIgniter->runController(Object(App\Controllers\Home))
#2 /Applications/MAMP/htdocs/liveApp/system/CodeIgniter.php(333): CodeIgniter\CodeIgniter->handleRequest(NULL, Object(Config\Cache), false)
#3 /Applications/MAMP/htdocs/liveApp/index.php(44): CodeIgniter\CodeIgniter->run()
#4 {main}
CRITICAL - 2021-04-10 10:18:05 --> Class 'App\Model\UserModel' not found
#0 /Applications/MAMP/htdocs/liveApp/system/CodeIgniter.php(936): App\Controllers\Home->index()
#1 /Applications/MAMP/htdocs/liveApp/system/CodeIgniter.php(432): CodeIgniter\CodeIgniter->runController(Object(App\Controllers\Home))
#2 /Applications/MAMP/htdocs/liveApp/system/CodeIgniter.php(333): CodeIgniter\CodeIgniter->handleRequest(NULL, Object(Config\Cache), false)
#3 /Applications/MAMP/htdocs/liveApp/index.php(44): CodeIgniter\CodeIgniter->run()
#4 {main}
CRITICAL - 2021-04-10 10:18:17 --> Class 'App\Model\UserModel' not found
#0 /Applications/MAMP/htdocs/liveApp/system/CodeIgniter.php(936): App\Controllers\Home->index()
#1 /Applications/MAMP/htdocs/liveApp/system/CodeIgniter.php(432): CodeIgniter\CodeIgniter->runController(Object(App\Controllers\Home))
#2 /Applications/MAMP/htdocs/liveApp/system/CodeIgniter.php(333): CodeIgniter\CodeIgniter->handleRequest(NULL, Object(Config\Cache), false)
#3 /Applications/MAMP/htdocs/liveApp/index.php(44): CodeIgniter\CodeIgniter->run()
#4 {main}
CRITICAL - 2021-04-10 10:18:22 --> Class 'App\Model\UserModel' not found
#0 /Applications/MAMP/htdocs/liveApp/system/CodeIgniter.php(936): App\Controllers\Home->index()
#1 /Applications/MAMP/htdocs/liveApp/system/CodeIgniter.php(432): CodeIgniter\CodeIgniter->runController(Object(App\Controllers\Home))
#2 /Applications/MAMP/htdocs/liveApp/system/CodeIgniter.php(333): CodeIgniter\CodeIgniter->handleRequest(NULL, Object(Config\Cache), false)
#3 /Applications/MAMP/htdocs/liveApp/index.php(44): CodeIgniter\CodeIgniter->run()
#4 {main}
CRITICAL - 2021-04-10 10:19:46 --> Class 'App\Model\UserModel' not found
#0 /Applications/MAMP/htdocs/liveApp/system/CodeIgniter.php(936): App\Controllers\Home->index()
#1 /Applications/MAMP/htdocs/liveApp/system/CodeIgniter.php(432): CodeIgniter\CodeIgniter->runController(Object(App\Controllers\Home))
#2 /Applications/MAMP/htdocs/liveApp/system/CodeIgniter.php(333): CodeIgniter\CodeIgniter->handleRequest(NULL, Object(Config\Cache), false)
#3 /Applications/MAMP/htdocs/liveApp/index.php(44): CodeIgniter\CodeIgniter->run()
#4 {main}
ERROR - 2021-04-10 10:29:40 --> mysqli_sql_exception: Unknown column 'created_at' in 'field list' in /Applications/MAMP/htdocs/liveApp/system/Database/MySQLi/Connection.php:314
Stack trace:
#0 /Applications/MAMP/htdocs/liveApp/system/Database/MySQLi/Connection.php(314): mysqli->query('INSERT INTO `us...')
#1 /Applications/MAMP/htdocs/liveApp/system/Database/BaseConnection.php(713): CodeIgniter\Database\MySQLi\Connection->execute('INSERT INTO `us...')
#2 /Applications/MAMP/htdocs/liveApp/system/Database/BaseConnection.php(641): CodeIgniter\Database\BaseConnection->simpleQuery('INSERT INTO `us...')
#3 /Applications/MAMP/htdocs/liveApp/system/Database/BaseBuilder.php(2263): CodeIgniter\Database\BaseConnection->query('INSERT INTO `us...', Array, false)
#4 /Applications/MAMP/htdocs/liveApp/system/Model.php(278): CodeIgniter\Database\BaseBuilder->insert()
#5 /Applications/MAMP/htdocs/liveApp/system/BaseModel.php(758): CodeIgniter\Model->doInsert(Array)
#6 /Applications/MAMP/htdocs/liveApp/system/Model.php(705): CodeIgniter\BaseModel->insert(Array, true)
#7 /Applications/MAMP/htdocs/liveApp/app/Controllers/Home.php(35): CodeIgniter\Model->insert(Array)
#8 /Applications/MAMP/htdocs/liveApp/system/CodeIgniter.php(936): App\Controllers\Home->index()
#9 /Applications/MAMP/htdocs/liveApp/system/CodeIgniter.php(432): CodeIgniter\CodeIgniter->runController(Object(App\Controllers\Home))
#10 /Applications/MAMP/htdocs/liveApp/system/CodeIgniter.php(333): CodeIgniter\CodeIgniter->handleRequest(NULL, Object(Config\Cache), false)
#11 /Applications/MAMP/htdocs/liveApp/index.php(44): CodeIgniter\CodeIgniter->run()
#12 {main}
CRITICAL - 2021-04-10 10:29:40 --> Unknown column 'created_at' in 'field list'
#0 /Applications/MAMP/htdocs/liveApp/system/Database/MySQLi/Connection.php(314): mysqli->query('INSERT INTO `us...')
#1 /Applications/MAMP/htdocs/liveApp/system/Database/BaseConnection.php(713): CodeIgniter\Database\MySQLi\Connection->execute('INSERT INTO `us...')
#2 /Applications/MAMP/htdocs/liveApp/system/Database/BaseConnection.php(641): CodeIgniter\Database\BaseConnection->simpleQuery('INSERT INTO `us...')
#3 /Applications/MAMP/htdocs/liveApp/system/Database/BaseBuilder.php(2263): CodeIgniter\Database\BaseConnection->query('INSERT INTO `us...', Array, false)
#4 /Applications/MAMP/htdocs/liveApp/system/Model.php(278): CodeIgniter\Database\BaseBuilder->insert()
#5 /Applications/MAMP/htdocs/liveApp/system/BaseModel.php(758): CodeIgniter\Model->doInsert(Array)
#6 /Applications/MAMP/htdocs/liveApp/system/Model.php(705): CodeIgniter\BaseModel->insert(Array, true)
#7 /Applications/MAMP/htdocs/liveApp/app/Controllers/Home.php(35): CodeIgniter\Model->insert(Array)
#8 /Applications/MAMP/htdocs/liveApp/system/CodeIgniter.php(936): App\Controllers\Home->index()
#9 /Applications/MAMP/htdocs/liveApp/system/CodeIgniter.php(432): CodeIgniter\CodeIgniter->runController(Object(App\Controllers\Home))
#10 /Applications/MAMP/htdocs/liveApp/system/CodeIgniter.php(333): CodeIgniter\CodeIgniter->handleRequest(NULL, Object(Config\Cache), false)
#11 /Applications/MAMP/htdocs/liveApp/index.php(44): CodeIgniter\CodeIgniter->run()
#12 {main}
